<?xml version="1.0" encoding="UTF-8"?>
<testsuite name="group03.project.Group03StaffProjectApplicationTests" tests="1" skipped="0" failures="0" errors="0" timestamp="2020-11-24T21:36:31" hostname="DESKTOP-5EMO0EK" time="0.269">
  <properties/>
  <testcase name="contextLoads()" classname="group03.project.Group03StaffProjectApplicationTests" time="0.269"/>
  <system-out><![CDATA[21:36:30.399 [Test worker] DEBUG org.springframework.test.context.BootstrapUtils - Instantiating CacheAwareContextLoaderDelegate from class [org.springframework.test.context.cache.DefaultCacheAwareContextLoaderDelegate]
21:36:30.411 [Test worker] DEBUG org.springframework.test.context.BootstrapUtils - Instantiating BootstrapContext using constructor [public org.springframework.test.context.support.DefaultBootstrapContext(java.lang.Class,org.springframework.test.context.CacheAwareContextLoaderDelegate)]
21:36:30.434 [Test worker] DEBUG org.springframework.test.context.BootstrapUtils - Instantiating TestContextBootstrapper for test class [group03.project.Group03StaffProjectApplicationTests] from class [org.springframework.boot.test.context.SpringBootTestContextBootstrapper]
21:36:30.441 [Test worker] INFO org.springframework.boot.test.context.SpringBootTestContextBootstrapper - Neither @ContextConfiguration nor @ContextHierarchy found for test class [group03.project.Group03StaffProjectApplicationTests], using SpringBootContextLoader
21:36:30.444 [Test worker] DEBUG org.springframework.test.context.support.AbstractContextLoader - Did not detect default resource location for test class [group03.project.Group03StaffProjectApplicationTests]: class path resource [group03/project/Group03StaffProjectApplicationTests-context.xml] does not exist
21:36:30.445 [Test worker] DEBUG org.springframework.test.context.support.AbstractContextLoader - Did not detect default resource location for test class [group03.project.Group03StaffProjectApplicationTests]: class path resource [group03/project/Group03StaffProjectApplicationTestsContext.groovy] does not exist
21:36:30.445 [Test worker] INFO org.springframework.test.context.support.AbstractContextLoader - Could not detect default resource locations for test class [group03.project.Group03StaffProjectApplicationTests]: no resource found for suffixes {-context.xml, Context.groovy}.
21:36:30.445 [Test worker] INFO org.springframework.test.context.support.AnnotationConfigContextLoaderUtils - Could not detect default configuration classes for test class [group03.project.Group03StaffProjectApplicationTests]: Group03StaffProjectApplicationTests does not declare any static, non-private, non-final, nested classes annotated with @Configuration.
21:36:30.476 [Test worker] DEBUG org.springframework.test.context.support.ActiveProfilesUtils - Could not find an 'annotation declaring class' for annotation type [org.springframework.test.context.ActiveProfiles] and class [group03.project.Group03StaffProjectApplicationTests]
21:36:30.522 [Test worker] DEBUG org.springframework.context.annotation.ClassPathScanningCandidateComponentProvider - Identified candidate component class: file [C:\Users\ronan\Documents\THE NEW CLIENT PROJs\build\classes\java\main\group03\project\Group03StaffProjectApplication.class]
21:36:30.527 [Test worker] INFO org.springframework.boot.test.context.SpringBootTestContextBootstrapper - Found @SpringBootConfiguration group03.project.Group03StaffProjectApplication for test class group03.project.Group03StaffProjectApplicationTests
21:36:30.597 [Test worker] DEBUG org.springframework.boot.test.context.SpringBootTestContextBootstrapper - @TestExecutionListeners is not present for class [group03.project.Group03StaffProjectApplicationTests]: using defaults.
21:36:30.598 [Test worker] INFO org.springframework.boot.test.context.SpringBootTestContextBootstrapper - Loaded default TestExecutionListener class names from location [META-INF/spring.factories]: [org.springframework.boot.test.autoconfigure.restdocs.RestDocsTestExecutionListener, org.springframework.boot.test.autoconfigure.web.client.MockRestServiceServerResetTestExecutionListener, org.springframework.boot.test.autoconfigure.web.servlet.MockMvcPrintOnlyOnFailureTestExecutionListener, org.springframework.boot.test.autoconfigure.web.servlet.WebDriverTestExecutionListener, org.springframework.boot.test.autoconfigure.webservices.client.MockWebServiceServerTestExecutionListener, org.springframework.boot.test.mock.mockito.MockitoTestExecutionListener, org.springframework.boot.test.mock.mockito.ResetMocksTestExecutionListener, org.springframework.test.context.web.ServletTestExecutionListener, org.springframework.test.context.support.DirtiesContextBeforeModesTestExecutionListener, org.springframework.test.context.support.DependencyInjectionTestExecutionListener, org.springframework.test.context.support.DirtiesContextTestExecutionListener, org.springframework.test.context.transaction.TransactionalTestExecutionListener, org.springframework.test.context.jdbc.SqlScriptsTestExecutionListener, org.springframework.test.context.event.EventPublishingTestExecutionListener]
21:36:30.606 [Test worker] DEBUG org.springframework.boot.test.context.SpringBootTestContextBootstrapper - Skipping candidate TestExecutionListener [org.springframework.test.context.transaction.TransactionalTestExecutionListener] due to a missing dependency. Specify custom listener classes or make the default listener classes and their required dependencies available. Offending class: [org/springframework/transaction/interceptor/TransactionAttributeSource]
21:36:30.606 [Test worker] DEBUG org.springframework.boot.test.context.SpringBootTestContextBootstrapper - Skipping candidate TestExecutionListener [org.springframework.test.context.jdbc.SqlScriptsTestExecutionListener] due to a missing dependency. Specify custom listener classes or make the default listener classes and their required dependencies available. Offending class: [org/springframework/transaction/interceptor/TransactionAttribute]
21:36:30.606 [Test worker] INFO org.springframework.boot.test.context.SpringBootTestContextBootstrapper - Using TestExecutionListeners: [org.springframework.test.context.web.ServletTestExecutionListener@96a3a60, org.springframework.test.context.support.DirtiesContextBeforeModesTestExecutionListener@ab9c069, org.springframework.boot.test.mock.mockito.MockitoTestExecutionListener@151e076c, org.springframework.boot.test.autoconfigure.SpringBootDependencyInjectionTestExecutionListener@2db08765, org.springframework.test.context.support.DirtiesContextTestExecutionListener@75d10189, org.springframework.test.context.event.EventPublishingTestExecutionListener@312f2dd2, org.springframework.boot.test.autoconfigure.restdocs.RestDocsTestExecutionListener@54ef79fc, org.springframework.boot.test.autoconfigure.web.client.MockRestServiceServerResetTestExecutionListener@7dcd57ab, org.springframework.boot.test.autoconfigure.web.servlet.MockMvcPrintOnlyOnFailureTestExecutionListener@6ddcd2, org.springframework.boot.test.autoconfigure.web.servlet.WebDriverTestExecutionListener@48e430b0, org.springframework.boot.test.autoconfigure.webservices.client.MockWebServiceServerTestExecutionListener@67eb80c9, org.springframework.boot.test.mock.mockito.ResetMocksTestExecutionListener@700cf390]
21:36:30.610 [Test worker] DEBUG org.springframework.test.context.support.AbstractDirtiesContextTestExecutionListener - Before test class: context [DefaultTestContext@4146dd2c testClass = Group03StaffProjectApplicationTests, testInstance = [null], testMethod = [null], testException = [null], mergedContextConfiguration = [WebMergedContextConfiguration@b399199 testClass = Group03StaffProjectApplicationTests, locations = '{}', classes = '{class group03.project.Group03StaffProjectApplication}', contextInitializerClasses = '[]', activeProfiles = '{}', propertySourceLocations = '{}', propertySourceProperties = '{org.springframework.boot.test.context.SpringBootTestContextBootstrapper=true}', contextCustomizers = set[org.springframework.boot.test.autoconfigure.actuate.metrics.MetricsExportContextCustomizerFactory$DisableMetricExportContextCustomizer@4e8283dd, org.springframework.boot.test.autoconfigure.properties.PropertyMappingContextCustomizer@0, org.springframework.boot.test.autoconfigure.web.servlet.WebDriverContextCustomizerFactory$Customizer@55193b69, org.springframework.boot.test.context.filter.ExcludeFilterContextCustomizer@5bc27ff1, org.springframework.boot.test.json.DuplicateJsonObjectContextCustomizerFactory$DuplicateJsonObjectContextCustomizer@2dfa96b2, org.springframework.boot.test.mock.mockito.MockitoContextCustomizer@0, org.springframework.boot.test.web.client.TestRestTemplateContextCustomizer@428b63c9, org.springframework.boot.test.web.reactive.server.WebTestClientContextCustomizer@600272eb, org.springframework.boot.test.context.SpringBootTestArgs@1, org.springframework.boot.test.context.SpringBootTestWebEnvironment@4597e4df], resourceBasePath = 'src/main/webapp', contextLoader = 'org.springframework.boot.test.context.SpringBootContextLoader', parent = [null]], attributes = map['org.springframework.test.context.web.ServletTestExecutionListener.activateListener' -> true]], class annotated with @DirtiesContext [false] with mode [null].
21:36:30.633 [Test worker] DEBUG org.springframework.test.context.support.TestPropertySourceUtils - Adding inlined properties to environment: {spring.jmx.enabled=false, org.springframework.boot.test.context.SpringBootTestContextBootstrapper=true}

  .   ____          _            __ _ _
 /\\ / ___'_ __ _ _(_)_ __  __ _ \ \ \ \
( ( )\___ | '_ | '_| | '_ \/ _` | \ \ \ \
 \\/  ___)| |_)| | | | | || (_| |  ) ) ) )
  '  |____| .__|_| |_|_| |_\__, | / / / /
 =========|_|==============|___/=/_/_/_/
 :: Spring Boot ::                (v2.4.0)

2020-11-24 21:36:30.807  INFO 16680 --- [    Test worker] g.p.Group03StaffProjectApplicationTests  : Starting Group03StaffProjectApplicationTests using Java 15.0.1 on DESKTOP-5EMO0EK with PID 16680 (started by ronan in C:\Users\ronan\Documents\THE NEW CLIENT PROJs)
2020-11-24 21:36:30.808  INFO 16680 --- [    Test worker] g.p.Group03StaffProjectApplicationTests  : No active profile set, falling back to default profiles: default
2020-11-24 21:36:31.575  INFO 16680 --- [    Test worker] o.s.s.concurrent.ThreadPoolTaskExecutor  : Initializing ExecutorService 'applicationTaskExecutor'
2020-11-24 21:36:31.817  INFO 16680 --- [    Test worker] g.p.Group03StaffProjectApplicationTests  : Started Group03StaffProjectApplicationTests in 1.178 seconds (JVM running for 1.912)
]]></system-out>
  <system-err><![CDATA[]]></system-err>
</testsuite>
