<?xml version="1.0" encoding="UTF-8"?>
<testsuite name="group03.project.jpa.NewUserCreationTest" tests="1" skipped="0" failures="0" errors="0" timestamp="2020-11-30T14:11:05" hostname="NICK" time="0.26">
  <properties/>
  <testcase name="addTwoAdditionalTestUsersAndCountTotal()" classname="group03.project.jpa.NewUserCreationTest" time="0.26"/>
  <system-out><![CDATA[14:11:02.115 [Test worker] DEBUG org.springframework.test.context.BootstrapUtils - Instantiating CacheAwareContextLoaderDelegate from class [org.springframework.test.context.cache.DefaultCacheAwareContextLoaderDelegate]
14:11:02.127 [Test worker] DEBUG org.springframework.test.context.BootstrapUtils - Instantiating BootstrapContext using constructor [public org.springframework.test.context.support.DefaultBootstrapContext(java.lang.Class,org.springframework.test.context.CacheAwareContextLoaderDelegate)]
14:11:02.161 [Test worker] DEBUG org.springframework.test.context.BootstrapUtils - Instantiating TestContextBootstrapper for test class [group03.project.jpa.NewUserCreationTest] from class [org.springframework.boot.test.autoconfigure.orm.jpa.DataJpaTestContextBootstrapper]
14:11:02.171 [Test worker] INFO org.springframework.boot.test.autoconfigure.orm.jpa.DataJpaTestContextBootstrapper - Neither @ContextConfiguration nor @ContextHierarchy found for test class [group03.project.jpa.NewUserCreationTest], using SpringBootContextLoader
14:11:02.175 [Test worker] DEBUG org.springframework.test.context.support.AbstractContextLoader - Did not detect default resource location for test class [group03.project.jpa.NewUserCreationTest]: class path resource [group03/project/jpa/NewUserCreationTest-context.xml] does not exist
14:11:02.176 [Test worker] DEBUG org.springframework.test.context.support.AbstractContextLoader - Did not detect default resource location for test class [group03.project.jpa.NewUserCreationTest]: class path resource [group03/project/jpa/NewUserCreationTestContext.groovy] does not exist
14:11:02.176 [Test worker] INFO org.springframework.test.context.support.AbstractContextLoader - Could not detect default resource locations for test class [group03.project.jpa.NewUserCreationTest]: no resource found for suffixes {-context.xml, Context.groovy}.
14:11:02.177 [Test worker] INFO org.springframework.test.context.support.AnnotationConfigContextLoaderUtils - Could not detect default configuration classes for test class [group03.project.jpa.NewUserCreationTest]: NewUserCreationTest does not declare any static, non-private, non-final, nested classes annotated with @Configuration.
14:11:02.227 [Test worker] DEBUG org.springframework.test.context.support.ActiveProfilesUtils - Could not find an 'annotation declaring class' for annotation type [org.springframework.test.context.ActiveProfiles] and class [group03.project.jpa.NewUserCreationTest]
14:11:02.273 [Test worker] DEBUG org.springframework.context.annotation.ClassPathScanningCandidateComponentProvider - Identified candidate component class: file [H:\uni 2020-2021\Project\group-03-staff-project\build\classes\java\main\group03\project\Group03StaffProjectApplication.class]
14:11:02.274 [Test worker] INFO org.springframework.boot.test.context.SpringBootTestContextBootstrapper - Found @SpringBootConfiguration group03.project.Group03StaffProjectApplication for test class group03.project.jpa.NewUserCreationTest
14:11:02.277 [Test worker] DEBUG org.springframework.boot.test.autoconfigure.orm.jpa.DataJpaTestContextBootstrapper - @TestExecutionListeners is not present for class [group03.project.jpa.NewUserCreationTest]: using defaults.
14:11:02.278 [Test worker] INFO org.springframework.boot.test.autoconfigure.orm.jpa.DataJpaTestContextBootstrapper - Loaded default TestExecutionListener class names from location [META-INF/spring.factories]: [org.springframework.boot.test.autoconfigure.restdocs.RestDocsTestExecutionListener, org.springframework.boot.test.autoconfigure.web.client.MockRestServiceServerResetTestExecutionListener, org.springframework.boot.test.autoconfigure.web.servlet.MockMvcPrintOnlyOnFailureTestExecutionListener, org.springframework.boot.test.autoconfigure.web.servlet.WebDriverTestExecutionListener, org.springframework.boot.test.autoconfigure.webservices.client.MockWebServiceServerTestExecutionListener, org.springframework.boot.test.mock.mockito.MockitoTestExecutionListener, org.springframework.boot.test.mock.mockito.ResetMocksTestExecutionListener, org.springframework.test.context.web.ServletTestExecutionListener, org.springframework.test.context.support.DirtiesContextBeforeModesTestExecutionListener, org.springframework.test.context.support.DependencyInjectionTestExecutionListener, org.springframework.test.context.support.DirtiesContextTestExecutionListener, org.springframework.test.context.transaction.TransactionalTestExecutionListener, org.springframework.test.context.jdbc.SqlScriptsTestExecutionListener, org.springframework.test.context.event.EventPublishingTestExecutionListener]
14:11:02.293 [Test worker] INFO org.springframework.boot.test.autoconfigure.orm.jpa.DataJpaTestContextBootstrapper - Using TestExecutionListeners: [org.springframework.test.context.web.ServletTestExecutionListener@6149de8c, org.springframework.test.context.support.DirtiesContextBeforeModesTestExecutionListener@6ad888f8, org.springframework.boot.test.mock.mockito.MockitoTestExecutionListener@55dd97f, org.springframework.boot.test.autoconfigure.SpringBootDependencyInjectionTestExecutionListener@49a674ff, org.springframework.test.context.support.DirtiesContextTestExecutionListener@66347ef9, org.springframework.test.context.transaction.TransactionalTestExecutionListener@4805a58f, org.springframework.test.context.jdbc.SqlScriptsTestExecutionListener@23780bd1, org.springframework.test.context.event.EventPublishingTestExecutionListener@590382cd, org.springframework.boot.test.autoconfigure.restdocs.RestDocsTestExecutionListener@1c05fca2, org.springframework.boot.test.autoconfigure.web.client.MockRestServiceServerResetTestExecutionListener@79c91b70, org.springframework.boot.test.autoconfigure.web.servlet.MockMvcPrintOnlyOnFailureTestExecutionListener@1a0cb11b, org.springframework.boot.test.autoconfigure.web.servlet.WebDriverTestExecutionListener@5f5c5d7d, org.springframework.boot.test.autoconfigure.webservices.client.MockWebServiceServerTestExecutionListener@6c0f4ad8, org.springframework.boot.test.mock.mockito.ResetMocksTestExecutionListener@5d2cceb2]
14:11:02.296 [Test worker] DEBUG org.springframework.test.context.support.AbstractDirtiesContextTestExecutionListener - Before test class: context [DefaultTestContext@69b0d44d testClass = NewUserCreationTest, testInstance = [null], testMethod = [null], testException = [null], mergedContextConfiguration = [MergedContextConfiguration@4dd2746d testClass = NewUserCreationTest, locations = '{}', classes = '{class group03.project.Group03StaffProjectApplication}', contextInitializerClasses = '[]', activeProfiles = '{}', propertySourceLocations = '{}', propertySourceProperties = '{org.springframework.boot.test.autoconfigure.orm.jpa.DataJpaTestContextBootstrapper=true}', contextCustomizers = set[org.springframework.boot.test.autoconfigure.OverrideAutoConfigurationContextCustomizerFactory$DisableAutoConfigurationContextCustomizer@159c4750, org.springframework.boot.test.autoconfigure.actuate.metrics.MetricsExportContextCustomizerFactory$DisableMetricExportContextCustomizer@74b1f7bf, org.springframework.boot.test.autoconfigure.filter.TypeExcludeFiltersContextCustomizer@351584c0, org.springframework.boot.test.autoconfigure.properties.PropertyMappingContextCustomizer@6e19be2c, org.springframework.boot.test.autoconfigure.web.servlet.WebDriverContextCustomizerFactory$Customizer@6ce6e042, [ImportsContextCustomizer@1b833d24 key = [org.springframework.boot.autoconfigure.cache.CacheAutoConfiguration, org.springframework.boot.autoconfigure.data.jpa.JpaRepositoriesAutoConfiguration, org.springframework.boot.autoconfigure.flyway.FlywayAutoConfiguration, org.springframework.boot.autoconfigure.jdbc.DataSourceAutoConfiguration, org.springframework.boot.autoconfigure.jdbc.DataSourceTransactionManagerAutoConfiguration, org.springframework.boot.autoconfigure.jdbc.JdbcTemplateAutoConfiguration, org.springframework.boot.autoconfigure.liquibase.LiquibaseAutoConfiguration, org.springframework.boot.autoconfigure.orm.jpa.HibernateJpaAutoConfiguration, org.springframework.boot.autoconfigure.transaction.TransactionAutoConfiguration, org.springframework.boot.test.autoconfigure.jdbc.TestDatabaseAutoConfiguration, org.springframework.boot.test.autoconfigure.orm.jpa.TestEntityManagerAutoConfiguration]], org.springframework.boot.test.context.filter.ExcludeFilterContextCustomizer@94193fc, org.springframework.boot.test.json.DuplicateJsonObjectContextCustomizerFactory$DuplicateJsonObjectContextCustomizer@7d778644, org.springframework.boot.test.mock.mockito.MockitoContextCustomizer@0, org.springframework.boot.test.context.SpringBootTestArgs@1, org.springframework.boot.test.context.SpringBootTestWebEnvironment@0], contextLoader = 'org.springframework.boot.test.context.SpringBootContextLoader', parent = [null]], attributes = map[[empty]]], class annotated with @DirtiesContext [false] with mode [null].
14:11:02.305 [Test worker] DEBUG org.springframework.test.context.support.DependencyInjectionTestExecutionListener - Performing dependency injection for test context [[DefaultTestContext@69b0d44d testClass = NewUserCreationTest, testInstance = group03.project.jpa.NewUserCreationTest@2a4362e7, testMethod = [null], testException = [null], mergedContextConfiguration = [MergedContextConfiguration@4dd2746d testClass = NewUserCreationTest, locations = '{}', classes = '{class group03.project.Group03StaffProjectApplication}', contextInitializerClasses = '[]', activeProfiles = '{}', propertySourceLocations = '{}', propertySourceProperties = '{org.springframework.boot.test.autoconfigure.orm.jpa.DataJpaTestContextBootstrapper=true}', contextCustomizers = set[org.springframework.boot.test.autoconfigure.OverrideAutoConfigurationContextCustomizerFactory$DisableAutoConfigurationContextCustomizer@159c4750, org.springframework.boot.test.autoconfigure.actuate.metrics.MetricsExportContextCustomizerFactory$DisableMetricExportContextCustomizer@74b1f7bf, org.springframework.boot.test.autoconfigure.filter.TypeExcludeFiltersContextCustomizer@351584c0, org.springframework.boot.test.autoconfigure.properties.PropertyMappingContextCustomizer@6e19be2c, org.springframework.boot.test.autoconfigure.web.servlet.WebDriverContextCustomizerFactory$Customizer@6ce6e042, [ImportsContextCustomizer@1b833d24 key = [org.springframework.boot.autoconfigure.cache.CacheAutoConfiguration, org.springframework.boot.autoconfigure.data.jpa.JpaRepositoriesAutoConfiguration, org.springframework.boot.autoconfigure.flyway.FlywayAutoConfiguration, org.springframework.boot.autoconfigure.jdbc.DataSourceAutoConfiguration, org.springframework.boot.autoconfigure.jdbc.DataSourceTransactionManagerAutoConfiguration, org.springframework.boot.autoconfigure.jdbc.JdbcTemplateAutoConfiguration, org.springframework.boot.autoconfigure.liquibase.LiquibaseAutoConfiguration, org.springframework.boot.autoconfigure.orm.jpa.HibernateJpaAutoConfiguration, org.springframework.boot.autoconfigure.transaction.TransactionAutoConfiguration, org.springframework.boot.test.autoconfigure.jdbc.TestDatabaseAutoConfiguration, org.springframework.boot.test.autoconfigure.orm.jpa.TestEntityManagerAutoConfiguration]], org.springframework.boot.test.context.filter.ExcludeFilterContextCustomizer@94193fc, org.springframework.boot.test.json.DuplicateJsonObjectContextCustomizerFactory$DuplicateJsonObjectContextCustomizer@7d778644, org.springframework.boot.test.mock.mockito.MockitoContextCustomizer@0, org.springframework.boot.test.context.SpringBootTestArgs@1, org.springframework.boot.test.context.SpringBootTestWebEnvironment@0], contextLoader = 'org.springframework.boot.test.context.SpringBootContextLoader', parent = [null]], attributes = map[[empty]]]].
14:11:02.326 [Test worker] DEBUG org.springframework.test.context.support.TestPropertySourceUtils - Adding inlined properties to environment: {spring.jmx.enabled=false, org.springframework.boot.test.autoconfigure.orm.jpa.DataJpaTestContextBootstrapper=true}

  .   ____          _            __ _ _
 /\\ / ___'_ __ _ _(_)_ __  __ _ \ \ \ \
( ( )\___ | '_ | '_| | '_ \/ _` | \ \ \ \
 \\/  ___)| |_)| | | | | || (_| |  ) ) ) )
  '  |____| .__|_| |_|_| |_\__, | / / / /
 =========|_|==============|___/=/_/_/_/
 :: Spring Boot ::                (v2.4.0)

2020-11-30 14:11:02.626  INFO 14640 --- [    Test worker] group03.project.jpa.NewUserCreationTest  : Starting NewUserCreationTest using Java 11.0.8 on Nick with PID 14640 (started by Nick in H:\uni 2020-2021\Project\group-03-staff-project)
2020-11-30 14:11:02.628  INFO 14640 --- [    Test worker] group03.project.jpa.NewUserCreationTest  : No active profile set, falling back to default profiles: default
2020-11-30 14:11:02.984  INFO 14640 --- [    Test worker] .s.d.r.c.RepositoryConfigurationDelegate : Bootstrapping Spring Data JPA repositories in LAZY mode.
2020-11-30 14:11:03.063  INFO 14640 --- [    Test worker] .s.d.r.c.RepositoryConfigurationDelegate : Finished Spring Data repository scanning in 68 ms. Found 2 JPA repository interfaces.
2020-11-30 14:11:03.120  INFO 14640 --- [    Test worker] beddedDataSourceBeanFactoryPostProcessor : Replacing 'dataSource' DataSource bean with embedded version
2020-11-30 14:11:03.245  INFO 14640 --- [    Test worker] o.s.j.d.e.EmbeddedDatabaseFactory        : Starting embedded database: url='jdbc:h2:mem:16ab85e1-a5fc-4963-b65b-b92976e49964;DB_CLOSE_DELAY=-1;DB_CLOSE_ON_EXIT=false', username='sa'
2020-11-30 14:11:03.482 DEBUG 14640 --- [    Test worker] o.s.jdbc.datasource.init.ScriptUtils     : Executing SQL script from URL [file:/H:/uni%202020-2021/Project/group-03-staff-project/build/resources/main/schema.sql]
2020-11-30 14:11:03.486 DEBUG 14640 --- [    Test worker] o.s.jdbc.datasource.init.ScriptUtils     : 0 returned as update count for SQL: SET MODE MYSQL
2020-11-30 14:11:03.487 DEBUG 14640 --- [    Test worker] o.s.jdbc.datasource.init.ScriptUtils     : 0 returned as update count for SQL: SET IGNORECASE=TRUE
2020-11-30 14:11:03.488 DEBUG 14640 --- [    Test worker] o.s.jdbc.datasource.init.ScriptUtils     : 0 returned as update count for SQL: CREATE SCHEMA IF NOT EXISTS staffdevelopment
2020-11-30 14:11:03.488 DEBUG 14640 --- [    Test worker] o.s.jdbc.datasource.init.ScriptUtils     : 0 returned as update count for SQL: USE `staffdevelopment` 
2020-11-30 14:11:03.498 DEBUG 14640 --- [    Test worker] o.s.jdbc.datasource.init.ScriptUtils     : 0 returned as update count for SQL: CREATE TABLE IF NOT EXISTS `staffdevelopment`.`activity` ( `activityID` INT NOT NULL AUTO_INCREMENT, `file` VARCHAR(45) NULL DEFAULT NULL, `description` VARCHAR(250) NULL DEFAULT NULL, PRIMARY KEY (`activityID`)) ENGINE = InnoDB
2020-11-30 14:11:03.499 DEBUG 14640 --- [    Test worker] o.s.jdbc.datasource.init.ScriptUtils     : 0 returned as update count for SQL: CREATE TABLE IF NOT EXISTS `staffdevelopment`.`tag` ( `tagID` INT(11) NOT NULL, `description` VARCHAR(45) NULL DEFAULT NULL, `isOfficial` TINYINT(4) NULL DEFAULT NULL, PRIMARY KEY (`tagID`)) ENGINE = InnoDB
2020-11-30 14:11:03.513 DEBUG 14640 --- [    Test worker] o.s.jdbc.datasource.init.ScriptUtils     : 0 returned as update count for SQL: CREATE TABLE IF NOT EXISTS `staffdevelopment`.`objective` ( `objectiveID` INT(11) NOT NULL, `Activity_activityID` INT(11) NOT NULL, `Tag_tagID` INT(11) NOT NULL, PRIMARY KEY (`objectiveID`), FOREIGN KEY (`Activity_activityID`) REFERENCES `staffdevelopment`.`activity` (`activityID`) ON DELETE NO ACTION ON UPDATE NO ACTION, FOREIGN KEY (`Tag_tagID`) REFERENCES `staffdevelopment`.`tag` (`tagID`) ON DELETE NO ACTION ON UPDATE NO ACTION) ENGINE = InnoDB
2020-11-30 14:11:03.515 DEBUG 14640 --- [    Test worker] o.s.jdbc.datasource.init.ScriptUtils     : 0 returned as update count for SQL: CREATE TABLE IF NOT EXISTS `staffdevelopment`.`role` ( `role` VARCHAR(45) NOT NULL, `description` VARCHAR(45) NULL DEFAULT NULL, PRIMARY KEY (`role`)) ENGINE = InnoDB
2020-11-30 14:11:03.516 DEBUG 14640 --- [    Test worker] o.s.jdbc.datasource.init.ScriptUtils     : 0 returned as update count for SQL: CREATE TABLE IF NOT EXISTS `staffdevelopment`.`siteUser` ( `userID` INT(11) NOT NULL AUTO_INCREMENT, `emailAddress` VARCHAR(45) NOT NULL, `password` VARCHAR(45)NOT NULL, `name` VARCHAR(45) NULL DEFAULT NULL, PRIMARY KEY (`userID`)) ENGINE = InnoDB
2020-11-30 14:11:03.522 DEBUG 14640 --- [    Test worker] o.s.jdbc.datasource.init.ScriptUtils     : 0 returned as update count for SQL: CREATE TABLE IF NOT EXISTS `staffdevelopment`.`participation` ( `participationID` INT(11) NOT NULL AUTO_INCREMENT, `date` DATETIME NULL DEFAULT NULL, `siteUser_userID` INT(11) NOT NULL, `Activity_activityID` INT(11) NOT NULL, `Role_roleID` VARCHAR(45) NOT NULL, PRIMARY KEY (`participationID`), FOREIGN KEY (`Activity_activityID`) REFERENCES `staffdevelopment`.`activity` (`activityID`) ON DELETE NO ACTION ON UPDATE NO ACTION, FOREIGN KEY (`siteUser_userID`) REFERENCES `staffdevelopment`.`siteUser` (`userID`) ON DELETE NO ACTION ON UPDATE NO ACTION, FOREIGN KEY (`Role_roleID`) REFERENCES `staffdevelopment`.`role` (`role`) ON DELETE NO ACTION ON UPDATE NO ACTION) ENGINE = InnoDB
2020-11-30 14:11:03.526 DEBUG 14640 --- [    Test worker] o.s.jdbc.datasource.init.ScriptUtils     : 0 returned as update count for SQL: CREATE TABLE IF NOT EXISTS `staffdevelopment`.`reflection` ( `reflectionID` INT(11) NOT NULL AUTO_INCREMENT, `reflection` VARCHAR(45) NULL DEFAULT NULL, `Participation_participationID` INT(11) NOT NULL, `Tag_tagID` INT(11) NOT NULL, PRIMARY KEY (`reflectionID`), FOREIGN KEY (`Participation_participationID`) REFERENCES `staffdevelopment`.`participation` (`participationID`) ON DELETE NO ACTION ON UPDATE NO ACTION, FOREIGN KEY (`Tag_tagID`) REFERENCES `staffdevelopment`.`tag` (`tagID`) ON DELETE NO ACTION ON UPDATE NO ACTION) ENGINE = InnoDB
2020-11-30 14:11:03.527 DEBUG 14640 --- [    Test worker] o.s.jdbc.datasource.init.ScriptUtils     : Executed SQL script from URL [file:/H:/uni%202020-2021/Project/group-03-staff-project/build/resources/main/schema.sql] in 45 ms.
2020-11-30 14:11:03.531 DEBUG 14640 --- [    Test worker] o.s.jdbc.datasource.init.ScriptUtils     : Executing SQL script from URL [file:/H:/uni%202020-2021/Project/group-03-staff-project/build/resources/test/data.sql]
2020-11-30 14:11:03.534 DEBUG 14640 --- [    Test worker] o.s.jdbc.datasource.init.ScriptUtils     : 1 returned as update count for SQL: INSERT INTO `staffdevelopment`.`role` VALUES ( 'Participant', 'participating in activity')
2020-11-30 14:11:03.534 DEBUG 14640 --- [    Test worker] o.s.jdbc.datasource.init.ScriptUtils     : 1 returned as update count for SQL: INSERT INTO `staffdevelopment`.`role` VALUES ( 'Review', 'Reviewing activity')
2020-11-30 14:11:03.535 DEBUG 14640 --- [    Test worker] o.s.jdbc.datasource.init.ScriptUtils     : 1 returned as update count for SQL: INSERT INTO `staffdevelopment`.`role` VALUES ( 'Lead', 'Leading activity')
2020-11-30 14:11:03.536 DEBUG 14640 --- [    Test worker] o.s.jdbc.datasource.init.ScriptUtils     : 1 returned as update count for SQL: INSERT INTO `staffdevelopment`.`siteUser`( emailAddress, password, name) VALUES('k@aren.com', 'loveMYjob', 'Karen')
2020-11-30 14:11:03.536 DEBUG 14640 --- [    Test worker] o.s.jdbc.datasource.init.ScriptUtils     : 1 returned as update count for SQL: INSERT INTO `staffdevelopment`.`siteUser`( emailAddress, password, name) VALUES('big@ceo.org.uk', 'BIGboss123', 'Dave')
2020-11-30 14:11:03.536 DEBUG 14640 --- [    Test worker] o.s.jdbc.datasource.init.ScriptUtils     : 1 returned as update count for SQL: INSERT INTO `staffdevelopment`.`siteUser`(emailAddress, password, name) VALUES('bigger@ceo.org.uk', 'password1', 'Aaron')
2020-11-30 14:11:03.540 DEBUG 14640 --- [    Test worker] o.s.jdbc.datasource.init.ScriptUtils     : -1 returned as update count for SQL: select * from `staffdevelopment`.`siteUser`
2020-11-30 14:11:03.541 DEBUG 14640 --- [    Test worker] o.s.jdbc.datasource.init.ScriptUtils     : Executed SQL script from URL [file:/H:/uni%202020-2021/Project/group-03-staff-project/build/resources/test/data.sql] in 10 ms.
2020-11-30 14:11:03.697  INFO 14640 --- [    Test worker] o.hibernate.jpa.internal.util.LogHelper  : HHH000204: Processing PersistenceUnitInfo [name: default]
2020-11-30 14:11:03.760  INFO 14640 --- [    Test worker] org.hibernate.Version                    : HHH000412: Hibernate ORM core version 5.4.23.Final
2020-11-30 14:11:03.912  INFO 14640 --- [    Test worker] o.hibernate.annotations.common.Version   : HCANN000001: Hibernate Commons Annotations {5.1.2.Final}
2020-11-30 14:11:04.061  INFO 14640 --- [    Test worker] org.hibernate.dialect.Dialect            : HHH000400: Using dialect: org.hibernate.dialect.H2Dialect
2020-11-30 14:11:04.629  INFO 14640 --- [    Test worker] o.h.e.t.j.p.i.JtaPlatformInitiator       : HHH000490: Using JtaPlatform implementation: [org.hibernate.engine.transaction.jta.platform.internal.NoJtaPlatform]
2020-11-30 14:11:04.636  INFO 14640 --- [    Test worker] j.LocalContainerEntityManagerFactoryBean : Initialized JPA EntityManagerFactory for persistence unit 'default'
2020-11-30 14:11:04.724  INFO 14640 --- [    Test worker] group03.project.jpa.NewUserCreationTest  : Started NewUserCreationTest in 2.394 seconds (JVM running for 3.468)
2020-11-30 14:11:05.084  INFO 14640 --- [    Test worker] o.s.t.c.transaction.TransactionContext   : Began transaction (1) for test context [DefaultTestContext@69b0d44d testClass = NewUserCreationTest, testInstance = group03.project.jpa.NewUserCreationTest@2a4362e7, testMethod = addTwoAdditionalTestUsersAndCountTotal@NewUserCreationTest, testException = [null], mergedContextConfiguration = [MergedContextConfiguration@4dd2746d testClass = NewUserCreationTest, locations = '{}', classes = '{class group03.project.Group03StaffProjectApplication}', contextInitializerClasses = '[]', activeProfiles = '{}', propertySourceLocations = '{}', propertySourceProperties = '{org.springframework.boot.test.autoconfigure.orm.jpa.DataJpaTestContextBootstrapper=true}', contextCustomizers = set[org.springframework.boot.test.autoconfigure.OverrideAutoConfigurationContextCustomizerFactory$DisableAutoConfigurationContextCustomizer@159c4750, org.springframework.boot.test.autoconfigure.actuate.metrics.MetricsExportContextCustomizerFactory$DisableMetricExportContextCustomizer@74b1f7bf, org.springframework.boot.test.autoconfigure.filter.TypeExcludeFiltersContextCustomizer@351584c0, org.springframework.boot.test.autoconfigure.properties.PropertyMappingContextCustomizer@6e19be2c, org.springframework.boot.test.autoconfigure.web.servlet.WebDriverContextCustomizerFactory$Customizer@6ce6e042, [ImportsContextCustomizer@1b833d24 key = [org.springframework.boot.autoconfigure.cache.CacheAutoConfiguration, org.springframework.boot.autoconfigure.data.jpa.JpaRepositoriesAutoConfiguration, org.springframework.boot.autoconfigure.flyway.FlywayAutoConfiguration, org.springframework.boot.autoconfigure.jdbc.DataSourceAutoConfiguration, org.springframework.boot.autoconfigure.jdbc.DataSourceTransactionManagerAutoConfiguration, org.springframework.boot.autoconfigure.jdbc.JdbcTemplateAutoConfiguration, org.springframework.boot.autoconfigure.liquibase.LiquibaseAutoConfiguration, org.springframework.boot.autoconfigure.orm.jpa.HibernateJpaAutoConfiguration, org.springframework.boot.autoconfigure.transaction.TransactionAutoConfiguration, org.springframework.boot.test.autoconfigure.jdbc.TestDatabaseAutoConfiguration, org.springframework.boot.test.autoconfigure.orm.jpa.TestEntityManagerAutoConfiguration]], org.springframework.boot.test.context.filter.ExcludeFilterContextCustomizer@94193fc, org.springframework.boot.test.json.DuplicateJsonObjectContextCustomizerFactory$DuplicateJsonObjectContextCustomizer@7d778644, org.springframework.boot.test.mock.mockito.MockitoContextCustomizer@0, org.springframework.boot.test.context.SpringBootTestArgs@1, org.springframework.boot.test.context.SpringBootTestWebEnvironment@0], contextLoader = 'org.springframework.boot.test.context.SpringBootContextLoader', parent = [null]], attributes = map[[empty]]]; transaction manager [org.springframework.orm.jpa.JpaTransactionManager@25915f06]; rollback [true]
Hibernate: insert into staffdevelopment.siteUser (userID, emailAddress, name, password) values (null, ?, ?, ?)
Hibernate: insert into staffdevelopment.siteUser (userID, emailAddress, name, password) values (null, ?, ?, ?)
Hibernate: select siteuser0_.userID as userid1_1_, siteuser0_.emailAddress as emailadd2_1_, siteuser0_.name as name3_1_, siteuser0_.password as password4_1_ from staffdevelopment.siteUser siteuser0_
2020-11-30 14:11:05.327  INFO 14640 --- [    Test worker] o.s.t.c.transaction.TransactionContext   : Rolled back transaction for test: [DefaultTestContext@69b0d44d testClass = NewUserCreationTest, testInstance = group03.project.jpa.NewUserCreationTest@2a4362e7, testMethod = addTwoAdditionalTestUsersAndCountTotal@NewUserCreationTest, testException = [null], mergedContextConfiguration = [MergedContextConfiguration@4dd2746d testClass = NewUserCreationTest, locations = '{}', classes = '{class group03.project.Group03StaffProjectApplication}', contextInitializerClasses = '[]', activeProfiles = '{}', propertySourceLocations = '{}', propertySourceProperties = '{org.springframework.boot.test.autoconfigure.orm.jpa.DataJpaTestContextBootstrapper=true}', contextCustomizers = set[org.springframework.boot.test.autoconfigure.OverrideAutoConfigurationContextCustomizerFactory$DisableAutoConfigurationContextCustomizer@159c4750, org.springframework.boot.test.autoconfigure.actuate.metrics.MetricsExportContextCustomizerFactory$DisableMetricExportContextCustomizer@74b1f7bf, org.springframework.boot.test.autoconfigure.filter.TypeExcludeFiltersContextCustomizer@351584c0, org.springframework.boot.test.autoconfigure.properties.PropertyMappingContextCustomizer@6e19be2c, org.springframework.boot.test.autoconfigure.web.servlet.WebDriverContextCustomizerFactory$Customizer@6ce6e042, [ImportsContextCustomizer@1b833d24 key = [org.springframework.boot.autoconfigure.cache.CacheAutoConfiguration, org.springframework.boot.autoconfigure.data.jpa.JpaRepositoriesAutoConfiguration, org.springframework.boot.autoconfigure.flyway.FlywayAutoConfiguration, org.springframework.boot.autoconfigure.jdbc.DataSourceAutoConfiguration, org.springframework.boot.autoconfigure.jdbc.DataSourceTransactionManagerAutoConfiguration, org.springframework.boot.autoconfigure.jdbc.JdbcTemplateAutoConfiguration, org.springframework.boot.autoconfigure.liquibase.LiquibaseAutoConfiguration, org.springframework.boot.autoconfigure.orm.jpa.HibernateJpaAutoConfiguration, org.springframework.boot.autoconfigure.transaction.TransactionAutoConfiguration, org.springframework.boot.test.autoconfigure.jdbc.TestDatabaseAutoConfiguration, org.springframework.boot.test.autoconfigure.orm.jpa.TestEntityManagerAutoConfiguration]], org.springframework.boot.test.context.filter.ExcludeFilterContextCustomizer@94193fc, org.springframework.boot.test.json.DuplicateJsonObjectContextCustomizerFactory$DuplicateJsonObjectContextCustomizer@7d778644, org.springframework.boot.test.mock.mockito.MockitoContextCustomizer@0, org.springframework.boot.test.context.SpringBootTestArgs@1, org.springframework.boot.test.context.SpringBootTestWebEnvironment@0], contextLoader = 'org.springframework.boot.test.context.SpringBootContextLoader', parent = [null]], attributes = map[[empty]]]
]]></system-out>
  <system-err><![CDATA[]]></system-err>
</testsuite>
