<?xml version="1.0" encoding="UTF-8"?>
<testsuite name="group03.project.jpa.DatabaseTest" tests="2" skipped="0" failures="0" errors="0" timestamp="2020-11-26T00:03:24" hostname="NICK" time="0.443">
  <properties/>
  <testcase name="shouldReturnThreeUsers()" classname="group03.project.jpa.DatabaseTest" time="0.402"/>
  <testcase name="shouldReturnCEODescription()" classname="group03.project.jpa.DatabaseTest" time="0.039"/>
  <system-out><![CDATA[00:03:20.891 [Test worker] DEBUG org.springframework.test.context.BootstrapUtils - Instantiating CacheAwareContextLoaderDelegate from class [org.springframework.test.context.cache.DefaultCacheAwareContextLoaderDelegate]
00:03:20.904 [Test worker] DEBUG org.springframework.test.context.BootstrapUtils - Instantiating BootstrapContext using constructor [public org.springframework.test.context.support.DefaultBootstrapContext(java.lang.Class,org.springframework.test.context.CacheAwareContextLoaderDelegate)]
00:03:20.947 [Test worker] DEBUG org.springframework.test.context.BootstrapUtils - Instantiating TestContextBootstrapper for test class [group03.project.jpa.DatabaseTest] from class [org.springframework.boot.test.autoconfigure.orm.jpa.DataJpaTestContextBootstrapper]
00:03:20.958 [Test worker] INFO org.springframework.boot.test.autoconfigure.orm.jpa.DataJpaTestContextBootstrapper - Neither @ContextConfiguration nor @ContextHierarchy found for test class [group03.project.jpa.DatabaseTest], using SpringBootContextLoader
00:03:20.963 [Test worker] DEBUG org.springframework.test.context.support.AbstractContextLoader - Did not detect default resource location for test class [group03.project.jpa.DatabaseTest]: class path resource [group03/project/jpa/DatabaseTest-context.xml] does not exist
00:03:20.963 [Test worker] DEBUG org.springframework.test.context.support.AbstractContextLoader - Did not detect default resource location for test class [group03.project.jpa.DatabaseTest]: class path resource [group03/project/jpa/DatabaseTestContext.groovy] does not exist
00:03:20.964 [Test worker] INFO org.springframework.test.context.support.AbstractContextLoader - Could not detect default resource locations for test class [group03.project.jpa.DatabaseTest]: no resource found for suffixes {-context.xml, Context.groovy}.
00:03:20.965 [Test worker] INFO org.springframework.test.context.support.AnnotationConfigContextLoaderUtils - Could not detect default configuration classes for test class [group03.project.jpa.DatabaseTest]: DatabaseTest does not declare any static, non-private, non-final, nested classes annotated with @Configuration.
00:03:21.024 [Test worker] DEBUG org.springframework.test.context.support.ActiveProfilesUtils - Could not find an 'annotation declaring class' for annotation type [org.springframework.test.context.ActiveProfiles] and class [group03.project.jpa.DatabaseTest]
00:03:21.078 [Test worker] DEBUG org.springframework.context.annotation.ClassPathScanningCandidateComponentProvider - Identified candidate component class: file [H:\uni 2020-2021\Project\group-03-staff-project\build\classes\java\main\group03\project\Group03StaffProjectApplication.class]
00:03:21.079 [Test worker] INFO org.springframework.boot.test.context.SpringBootTestContextBootstrapper - Found @SpringBootConfiguration group03.project.Group03StaffProjectApplication for test class group03.project.jpa.DatabaseTest
00:03:21.082 [Test worker] DEBUG org.springframework.boot.test.autoconfigure.orm.jpa.DataJpaTestContextBootstrapper - @TestExecutionListeners is not present for class [group03.project.jpa.DatabaseTest]: using defaults.
00:03:21.083 [Test worker] INFO org.springframework.boot.test.autoconfigure.orm.jpa.DataJpaTestContextBootstrapper - Loaded default TestExecutionListener class names from location [META-INF/spring.factories]: [org.springframework.boot.test.autoconfigure.restdocs.RestDocsTestExecutionListener, org.springframework.boot.test.autoconfigure.web.client.MockRestServiceServerResetTestExecutionListener, org.springframework.boot.test.autoconfigure.web.servlet.MockMvcPrintOnlyOnFailureTestExecutionListener, org.springframework.boot.test.autoconfigure.web.servlet.WebDriverTestExecutionListener, org.springframework.boot.test.autoconfigure.webservices.client.MockWebServiceServerTestExecutionListener, org.springframework.boot.test.mock.mockito.MockitoTestExecutionListener, org.springframework.boot.test.mock.mockito.ResetMocksTestExecutionListener, org.springframework.test.context.web.ServletTestExecutionListener, org.springframework.test.context.support.DirtiesContextBeforeModesTestExecutionListener, org.springframework.test.context.support.DependencyInjectionTestExecutionListener, org.springframework.test.context.support.DirtiesContextTestExecutionListener, org.springframework.test.context.transaction.TransactionalTestExecutionListener, org.springframework.test.context.jdbc.SqlScriptsTestExecutionListener, org.springframework.test.context.event.EventPublishingTestExecutionListener]
00:03:21.100 [Test worker] INFO org.springframework.boot.test.autoconfigure.orm.jpa.DataJpaTestContextBootstrapper - Using TestExecutionListeners: [org.springframework.test.context.web.ServletTestExecutionListener@11b47197, org.springframework.test.context.support.DirtiesContextBeforeModesTestExecutionListener@51a2060, org.springframework.boot.test.mock.mockito.MockitoTestExecutionListener@2039b2c7, org.springframework.boot.test.autoconfigure.SpringBootDependencyInjectionTestExecutionListener@c914b7f, org.springframework.test.context.support.DirtiesContextTestExecutionListener@3e9bbbb3, org.springframework.test.context.transaction.TransactionalTestExecutionListener@6a568520, org.springframework.test.context.jdbc.SqlScriptsTestExecutionListener@714bd27, org.springframework.test.context.event.EventPublishingTestExecutionListener@158c409, org.springframework.boot.test.autoconfigure.restdocs.RestDocsTestExecutionListener@62fdb1b2, org.springframework.boot.test.autoconfigure.web.client.MockRestServiceServerResetTestExecutionListener@3cdc4748, org.springframework.boot.test.autoconfigure.web.servlet.MockMvcPrintOnlyOnFailureTestExecutionListener@1e833871, org.springframework.boot.test.autoconfigure.web.servlet.WebDriverTestExecutionListener@59bcdf24, org.springframework.boot.test.autoconfigure.webservices.client.MockWebServiceServerTestExecutionListener@56439580, org.springframework.boot.test.mock.mockito.ResetMocksTestExecutionListener@87b7e07]
00:03:21.104 [Test worker] DEBUG org.springframework.test.context.support.AbstractDirtiesContextTestExecutionListener - Before test class: context [DefaultTestContext@3add4889 testClass = DatabaseTest, testInstance = [null], testMethod = [null], testException = [null], mergedContextConfiguration = [MergedContextConfiguration@99c6fb9 testClass = DatabaseTest, locations = '{}', classes = '{class group03.project.Group03StaffProjectApplication}', contextInitializerClasses = '[]', activeProfiles = '{}', propertySourceLocations = '{}', propertySourceProperties = '{org.springframework.boot.test.autoconfigure.orm.jpa.DataJpaTestContextBootstrapper=true}', contextCustomizers = set[org.springframework.boot.test.autoconfigure.OverrideAutoConfigurationContextCustomizerFactory$DisableAutoConfigurationContextCustomizer@54f75cf8, org.springframework.boot.test.autoconfigure.actuate.metrics.MetricsExportContextCustomizerFactory$DisableMetricExportContextCustomizer@10c12853, org.springframework.boot.test.autoconfigure.filter.TypeExcludeFiltersContextCustomizer@351584c0, org.springframework.boot.test.autoconfigure.properties.PropertyMappingContextCustomizer@cd97e6f0, org.springframework.boot.test.autoconfigure.web.servlet.WebDriverContextCustomizerFactory$Customizer@1413045f, [ImportsContextCustomizer@a5e15b2 key = [org.springframework.boot.autoconfigure.cache.CacheAutoConfiguration, org.springframework.boot.autoconfigure.data.jpa.JpaRepositoriesAutoConfiguration, org.springframework.boot.autoconfigure.flyway.FlywayAutoConfiguration, org.springframework.boot.autoconfigure.jdbc.DataSourceAutoConfiguration, org.springframework.boot.autoconfigure.jdbc.DataSourceTransactionManagerAutoConfiguration, org.springframework.boot.autoconfigure.jdbc.JdbcTemplateAutoConfiguration, org.springframework.boot.autoconfigure.liquibase.LiquibaseAutoConfiguration, org.springframework.boot.autoconfigure.orm.jpa.HibernateJpaAutoConfiguration, org.springframework.boot.autoconfigure.transaction.TransactionAutoConfiguration, org.springframework.boot.test.autoconfigure.jdbc.TestDatabaseAutoConfiguration, org.springframework.boot.test.autoconfigure.orm.jpa.TestEntityManagerAutoConfiguration]], org.springframework.boot.test.context.filter.ExcludeFilterContextCustomizer@43f36e01, org.springframework.boot.test.json.DuplicateJsonObjectContextCustomizerFactory$DuplicateJsonObjectContextCustomizer@4e6b26d7, org.springframework.boot.test.mock.mockito.MockitoContextCustomizer@0, org.springframework.boot.test.context.SpringBootTestArgs@1, org.springframework.boot.test.context.SpringBootTestWebEnvironment@0], contextLoader = 'org.springframework.boot.test.context.SpringBootContextLoader', parent = [null]], attributes = map[[empty]]], class annotated with @DirtiesContext [false] with mode [null].
00:03:21.118 [Test worker] DEBUG org.springframework.test.context.support.DependencyInjectionTestExecutionListener - Performing dependency injection for test context [[DefaultTestContext@3add4889 testClass = DatabaseTest, testInstance = group03.project.jpa.DatabaseTest@60491ece, testMethod = [null], testException = [null], mergedContextConfiguration = [MergedContextConfiguration@99c6fb9 testClass = DatabaseTest, locations = '{}', classes = '{class group03.project.Group03StaffProjectApplication}', contextInitializerClasses = '[]', activeProfiles = '{}', propertySourceLocations = '{}', propertySourceProperties = '{org.springframework.boot.test.autoconfigure.orm.jpa.DataJpaTestContextBootstrapper=true}', contextCustomizers = set[org.springframework.boot.test.autoconfigure.OverrideAutoConfigurationContextCustomizerFactory$DisableAutoConfigurationContextCustomizer@54f75cf8, org.springframework.boot.test.autoconfigure.actuate.metrics.MetricsExportContextCustomizerFactory$DisableMetricExportContextCustomizer@10c12853, org.springframework.boot.test.autoconfigure.filter.TypeExcludeFiltersContextCustomizer@351584c0, org.springframework.boot.test.autoconfigure.properties.PropertyMappingContextCustomizer@cd97e6f0, org.springframework.boot.test.autoconfigure.web.servlet.WebDriverContextCustomizerFactory$Customizer@1413045f, [ImportsContextCustomizer@a5e15b2 key = [org.springframework.boot.autoconfigure.cache.CacheAutoConfiguration, org.springframework.boot.autoconfigure.data.jpa.JpaRepositoriesAutoConfiguration, org.springframework.boot.autoconfigure.flyway.FlywayAutoConfiguration, org.springframework.boot.autoconfigure.jdbc.DataSourceAutoConfiguration, org.springframework.boot.autoconfigure.jdbc.DataSourceTransactionManagerAutoConfiguration, org.springframework.boot.autoconfigure.jdbc.JdbcTemplateAutoConfiguration, org.springframework.boot.autoconfigure.liquibase.LiquibaseAutoConfiguration, org.springframework.boot.autoconfigure.orm.jpa.HibernateJpaAutoConfiguration, org.springframework.boot.autoconfigure.transaction.TransactionAutoConfiguration, org.springframework.boot.test.autoconfigure.jdbc.TestDatabaseAutoConfiguration, org.springframework.boot.test.autoconfigure.orm.jpa.TestEntityManagerAutoConfiguration]], org.springframework.boot.test.context.filter.ExcludeFilterContextCustomizer@43f36e01, org.springframework.boot.test.json.DuplicateJsonObjectContextCustomizerFactory$DuplicateJsonObjectContextCustomizer@4e6b26d7, org.springframework.boot.test.mock.mockito.MockitoContextCustomizer@0, org.springframework.boot.test.context.SpringBootTestArgs@1, org.springframework.boot.test.context.SpringBootTestWebEnvironment@0], contextLoader = 'org.springframework.boot.test.context.SpringBootContextLoader', parent = [null]], attributes = map[[empty]]]].
00:03:21.144 [Test worker] DEBUG org.springframework.test.context.support.TestPropertySourceUtils - Adding inlined properties to environment: {spring.jmx.enabled=false, org.springframework.boot.test.autoconfigure.orm.jpa.DataJpaTestContextBootstrapper=true}

  .   ____          _            __ _ _
 /\\ / ___'_ __ _ _(_)_ __  __ _ \ \ \ \
( ( )\___ | '_ | '_| | '_ \/ _` | \ \ \ \
 \\/  ___)| |_)| | | | | || (_| |  ) ) ) )
  '  |____| .__|_| |_|_| |_\__, | / / / /
 =========|_|==============|___/=/_/_/_/
 :: Spring Boot ::                (v2.4.0)

2020-11-26 00:03:21.500  INFO 12584 --- [    Test worker] group03.project.jpa.DatabaseTest         : Starting DatabaseTest using Java 14.0.2 on Nick with PID 12584 (started by Nick in H:\uni 2020-2021\Project\group-03-staff-project)
2020-11-26 00:03:21.502  INFO 12584 --- [    Test worker] group03.project.jpa.DatabaseTest         : No active profile set, falling back to default profiles: default
2020-11-26 00:03:22.007  INFO 12584 --- [    Test worker] .s.d.r.c.RepositoryConfigurationDelegate : Bootstrapping Spring Data JPA repositories in LAZY mode.
2020-11-26 00:03:22.095  INFO 12584 --- [    Test worker] .s.d.r.c.RepositoryConfigurationDelegate : Finished Spring Data repository scanning in 77 ms. Found 2 JPA repository interfaces.
2020-11-26 00:03:22.160  INFO 12584 --- [    Test worker] beddedDataSourceBeanFactoryPostProcessor : Replacing 'dataSource' DataSource bean with embedded version
2020-11-26 00:03:22.322  INFO 12584 --- [    Test worker] o.s.j.d.e.EmbeddedDatabaseFactory        : Starting embedded database: url='jdbc:h2:mem:6b9dc596-90c1-42e6-afb4-f0fee57f4ec6;DB_CLOSE_DELAY=-1;DB_CLOSE_ON_EXIT=false', username='sa'
2020-11-26 00:03:22.569 DEBUG 12584 --- [    Test worker] o.s.jdbc.datasource.init.ScriptUtils     : Executing SQL script from URL [file:/H:/uni%202020-2021/Project/group-03-staff-project/build/resources/main/schema.sql]
2020-11-26 00:03:22.576 DEBUG 12584 --- [    Test worker] o.s.jdbc.datasource.init.ScriptUtils     : 0 returned as update count for SQL: SET MODE MYSQL
2020-11-26 00:03:22.577 DEBUG 12584 --- [    Test worker] o.s.jdbc.datasource.init.ScriptUtils     : 0 returned as update count for SQL: SET IGNORECASE=TRUE
2020-11-26 00:03:22.578 DEBUG 12584 --- [    Test worker] o.s.jdbc.datasource.init.ScriptUtils     : 0 returned as update count for SQL: CREATE SCHEMA IF NOT EXISTS staffdevelopment
2020-11-26 00:03:22.580 DEBUG 12584 --- [    Test worker] o.s.jdbc.datasource.init.ScriptUtils     : 0 returned as update count for SQL: USE `staffdevelopment` 
2020-11-26 00:03:22.593 DEBUG 12584 --- [    Test worker] o.s.jdbc.datasource.init.ScriptUtils     : 0 returned as update count for SQL: CREATE TABLE IF NOT EXISTS `staffdevelopment`.`activity` ( `activityID` INT NOT NULL AUTO_INCREMENT, `file` VARCHAR(45) NULL DEFAULT NULL, `description` VARCHAR(250) NULL DEFAULT NULL, PRIMARY KEY (`activityID`)) ENGINE = InnoDB
2020-11-26 00:03:22.595 DEBUG 12584 --- [    Test worker] o.s.jdbc.datasource.init.ScriptUtils     : 0 returned as update count for SQL: CREATE TABLE IF NOT EXISTS `staffdevelopment`.`tag` ( `tagID` INT(11) NOT NULL, `description` VARCHAR(45) NULL DEFAULT NULL, `isOfficial` TINYINT(4) NULL DEFAULT NULL, PRIMARY KEY (`tagID`)) ENGINE = InnoDB
2020-11-26 00:03:22.613 DEBUG 12584 --- [    Test worker] o.s.jdbc.datasource.init.ScriptUtils     : 0 returned as update count for SQL: CREATE TABLE IF NOT EXISTS `staffdevelopment`.`objective` ( `objectiveID` INT(11) NOT NULL, `Activity_activityID` INT(11) NOT NULL, `Tag_tagID` INT(11) NOT NULL, PRIMARY KEY (`objectiveID`), FOREIGN KEY (`Activity_activityID`) REFERENCES `staffdevelopment`.`activity` (`activityID`) ON DELETE NO ACTION ON UPDATE NO ACTION, FOREIGN KEY (`Tag_tagID`) REFERENCES `staffdevelopment`.`tag` (`tagID`) ON DELETE NO ACTION ON UPDATE NO ACTION) ENGINE = InnoDB
2020-11-26 00:03:22.615 DEBUG 12584 --- [    Test worker] o.s.jdbc.datasource.init.ScriptUtils     : 0 returned as update count for SQL: CREATE TABLE IF NOT EXISTS `staffdevelopment`.`role` ( `role` VARCHAR(45) NOT NULL, `description` VARCHAR(45) NULL DEFAULT NULL, PRIMARY KEY (`role`)) ENGINE = InnoDB
2020-11-26 00:03:22.619 DEBUG 12584 --- [    Test worker] o.s.jdbc.datasource.init.ScriptUtils     : 0 returned as update count for SQL: CREATE TABLE IF NOT EXISTS `staffdevelopment`.`siteUser` ( `userID` INT(11) NOT NULL AUTO_INCREMENT, `name` VARCHAR(45) NULL DEFAULT NULL, `homeAddress` VARCHAR(45) NULL DEFAULT NULL, `emailAddress` VARCHAR(45) NULL DEFAULT NULL, `position` VARCHAR(45) NULL DEFAULT NULL, `phoneNo` VARCHAR(13) NULL DEFAULT NULL, `Role_role` VARCHAR(45) NOT NULL, PRIMARY KEY (`userID`), FOREIGN KEY (`Role_role`) REFERENCES `staffdevelopment`.`role` (`role`) ON DELETE NO ACTION ON UPDATE NO ACTION) ENGINE = InnoDB
2020-11-26 00:03:22.627 DEBUG 12584 --- [    Test worker] o.s.jdbc.datasource.init.ScriptUtils     : 0 returned as update count for SQL: CREATE TABLE IF NOT EXISTS `staffdevelopment`.`participation` ( `participationID` INT(11) NOT NULL AUTO_INCREMENT, `date` DATETIME NULL DEFAULT NULL, `siteUser_userID` INT(11) NOT NULL, `Activity_activityID` INT(11) NOT NULL, PRIMARY KEY (`participationID`), FOREIGN KEY (`Activity_activityID`) REFERENCES `staffdevelopment`.`activity` (`activityID`) ON DELETE NO ACTION ON UPDATE NO ACTION, FOREIGN KEY (`siteUser_userID`) REFERENCES `staffdevelopment`.`siteUser` (`userID`) ON DELETE NO ACTION ON UPDATE NO ACTION) ENGINE = InnoDB
2020-11-26 00:03:22.632 DEBUG 12584 --- [    Test worker] o.s.jdbc.datasource.init.ScriptUtils     : 0 returned as update count for SQL: CREATE TABLE IF NOT EXISTS `staffdevelopment`.`reflection` ( `reflectionID` INT(11) NOT NULL AUTO_INCREMENT, `reflection` VARCHAR(45) NULL DEFAULT NULL, `Participation_participationID` INT(11) NOT NULL, `Tag_tagID` INT(11) NOT NULL, PRIMARY KEY (`reflectionID`), FOREIGN KEY (`Participation_participationID`) REFERENCES `staffdevelopment`.`participation` (`participationID`) ON DELETE NO ACTION ON UPDATE NO ACTION, FOREIGN KEY (`Tag_tagID`) REFERENCES `staffdevelopment`.`tag` (`tagID`) ON DELETE NO ACTION ON UPDATE NO ACTION) ENGINE = InnoDB
2020-11-26 00:03:22.632 DEBUG 12584 --- [    Test worker] o.s.jdbc.datasource.init.ScriptUtils     : Executed SQL script from URL [file:/H:/uni%202020-2021/Project/group-03-staff-project/build/resources/main/schema.sql] in 63 ms.
2020-11-26 00:03:22.636 DEBUG 12584 --- [    Test worker] o.s.jdbc.datasource.init.ScriptUtils     : Executing SQL script from URL [file:/H:/uni%202020-2021/Project/group-03-staff-project/build/resources/main/data.sql]
2020-11-26 00:03:22.641 DEBUG 12584 --- [    Test worker] o.s.jdbc.datasource.init.ScriptUtils     : 1 returned as update count for SQL: INSERT INTO `staffdevelopment`.`role` VALUES ( 'Secretary', 'Files the documents etc')
2020-11-26 00:03:22.642 DEBUG 12584 --- [    Test worker] o.s.jdbc.datasource.init.ScriptUtils     : 1 returned as update count for SQL: INSERT INTO `staffdevelopment`.`role` VALUES ( 'CEO', 'Tells secretary what to do etc')
2020-11-26 00:03:22.643 DEBUG 12584 --- [    Test worker] o.s.jdbc.datasource.init.ScriptUtils     : 1 returned as update count for SQL: INSERT INTO `staffdevelopment`.`siteUser`(name, homeAddress, emailAddress, position, phoneNo, Role_role) VALUES('Karen', '1 the road', 'k@aren.com', 'slave', '132312', 'Secretary')
2020-11-26 00:03:22.643 DEBUG 12584 --- [    Test worker] o.s.jdbc.datasource.init.ScriptUtils     : 1 returned as update count for SQL: INSERT INTO `staffdevelopment`.`siteUser`(name, homeAddress, emailAddress, position, phoneNo, Role_role) VALUES('Dave', 'The office', 'big@ceo.org.uk', 'Top', '111223', 'CEO')
2020-11-26 00:03:22.644 DEBUG 12584 --- [    Test worker] o.s.jdbc.datasource.init.ScriptUtils     : 1 returned as update count for SQL: INSERT INTO `staffdevelopment`.`siteUser`(name, homeAddress, emailAddress, position, phoneNo, Role_role) VALUES('Clive', 'The office', 'bigger@ceo.org.uk', 'second', '111223', 'CEO')
2020-11-26 00:03:22.649 DEBUG 12584 --- [    Test worker] o.s.jdbc.datasource.init.ScriptUtils     : -1 returned as update count for SQL: select * from `staffdevelopment`.`siteUser`
2020-11-26 00:03:22.650 DEBUG 12584 --- [    Test worker] o.s.jdbc.datasource.init.ScriptUtils     : Executed SQL script from URL [file:/H:/uni%202020-2021/Project/group-03-staff-project/build/resources/main/data.sql] in 14 ms.
2020-11-26 00:03:22.799  INFO 12584 --- [    Test worker] o.hibernate.jpa.internal.util.LogHelper  : HHH000204: Processing PersistenceUnitInfo [name: default]
2020-11-26 00:03:22.873  INFO 12584 --- [    Test worker] org.hibernate.Version                    : HHH000412: Hibernate ORM core version 5.4.23.Final
2020-11-26 00:03:23.033  INFO 12584 --- [    Test worker] o.hibernate.annotations.common.Version   : HCANN000001: Hibernate Commons Annotations {5.1.2.Final}
2020-11-26 00:03:23.206  INFO 12584 --- [    Test worker] org.hibernate.dialect.Dialect            : HHH000400: Using dialect: org.hibernate.dialect.H2Dialect
2020-11-26 00:03:23.824  INFO 12584 --- [    Test worker] o.h.e.t.j.p.i.JtaPlatformInitiator       : HHH000490: Using JtaPlatform implementation: [org.hibernate.engine.transaction.jta.platform.internal.NoJtaPlatform]
2020-11-26 00:03:23.832  INFO 12584 --- [    Test worker] j.LocalContainerEntityManagerFactoryBean : Initialized JPA EntityManagerFactory for persistence unit 'default'
2020-11-26 00:03:23.951  INFO 12584 --- [    Test worker] group03.project.jpa.DatabaseTest         : Started DatabaseTest in 2.803 seconds (JVM running for 4.352)
2020-11-26 00:03:24.410  INFO 12584 --- [    Test worker] o.s.t.c.transaction.TransactionContext   : Began transaction (1) for test context [DefaultTestContext@3add4889 testClass = DatabaseTest, testInstance = group03.project.jpa.DatabaseTest@60491ece, testMethod = shouldReturnThreeUsers@DatabaseTest, testException = [null], mergedContextConfiguration = [MergedContextConfiguration@99c6fb9 testClass = DatabaseTest, locations = '{}', classes = '{class group03.project.Group03StaffProjectApplication}', contextInitializerClasses = '[]', activeProfiles = '{}', propertySourceLocations = '{}', propertySourceProperties = '{org.springframework.boot.test.autoconfigure.orm.jpa.DataJpaTestContextBootstrapper=true}', contextCustomizers = set[org.springframework.boot.test.autoconfigure.OverrideAutoConfigurationContextCustomizerFactory$DisableAutoConfigurationContextCustomizer@54f75cf8, org.springframework.boot.test.autoconfigure.actuate.metrics.MetricsExportContextCustomizerFactory$DisableMetricExportContextCustomizer@10c12853, org.springframework.boot.test.autoconfigure.filter.TypeExcludeFiltersContextCustomizer@351584c0, org.springframework.boot.test.autoconfigure.properties.PropertyMappingContextCustomizer@cd97e6f0, org.springframework.boot.test.autoconfigure.web.servlet.WebDriverContextCustomizerFactory$Customizer@1413045f, [ImportsContextCustomizer@a5e15b2 key = [org.springframework.boot.autoconfigure.cache.CacheAutoConfiguration, org.springframework.boot.autoconfigure.data.jpa.JpaRepositoriesAutoConfiguration, org.springframework.boot.autoconfigure.flyway.FlywayAutoConfiguration, org.springframework.boot.autoconfigure.jdbc.DataSourceAutoConfiguration, org.springframework.boot.autoconfigure.jdbc.DataSourceTransactionManagerAutoConfiguration, org.springframework.boot.autoconfigure.jdbc.JdbcTemplateAutoConfiguration, org.springframework.boot.autoconfigure.liquibase.LiquibaseAutoConfiguration, org.springframework.boot.autoconfigure.orm.jpa.HibernateJpaAutoConfiguration, org.springframework.boot.autoconfigure.transaction.TransactionAutoConfiguration, org.springframework.boot.test.autoconfigure.jdbc.TestDatabaseAutoConfiguration, org.springframework.boot.test.autoconfigure.orm.jpa.TestEntityManagerAutoConfiguration]], org.springframework.boot.test.context.filter.ExcludeFilterContextCustomizer@43f36e01, org.springframework.boot.test.json.DuplicateJsonObjectContextCustomizerFactory$DuplicateJsonObjectContextCustomizer@4e6b26d7, org.springframework.boot.test.mock.mockito.MockitoContextCustomizer@0, org.springframework.boot.test.context.SpringBootTestArgs@1, org.springframework.boot.test.context.SpringBootTestWebEnvironment@0], contextLoader = 'org.springframework.boot.test.context.SpringBootContextLoader', parent = [null]], attributes = map[[empty]]]; transaction manager [org.springframework.orm.jpa.JpaTransactionManager@87b4228]; rollback [true]
Hibernate: select siteuser0_.userID as userid1_1_, siteuser0_.emailAddress as emailadd2_1_, siteuser0_.homeAddress as homeaddr3_1_, siteuser0_.name as name4_1_, siteuser0_.phoneNo as phoneno5_1_, siteuser0_.position as position6_1_, siteuser0_.Role_role as role_rol7_1_ from staffdevelopment.siteUser siteuser0_
Hibernate: select role0_.role as role1_0_0_, role0_.description as descript2_0_0_ from staffdevelopment.role role0_ where role0_.role=?
Hibernate: select role0_.role as role1_0_0_, role0_.description as descript2_0_0_ from staffdevelopment.role role0_ where role0_.role=?
2020-11-26 00:03:24.779  INFO 12584 --- [    Test worker] o.s.t.c.transaction.TransactionContext   : Rolled back transaction for test: [DefaultTestContext@3add4889 testClass = DatabaseTest, testInstance = group03.project.jpa.DatabaseTest@60491ece, testMethod = shouldReturnThreeUsers@DatabaseTest, testException = [null], mergedContextConfiguration = [MergedContextConfiguration@99c6fb9 testClass = DatabaseTest, locations = '{}', classes = '{class group03.project.Group03StaffProjectApplication}', contextInitializerClasses = '[]', activeProfiles = '{}', propertySourceLocations = '{}', propertySourceProperties = '{org.springframework.boot.test.autoconfigure.orm.jpa.DataJpaTestContextBootstrapper=true}', contextCustomizers = set[org.springframework.boot.test.autoconfigure.OverrideAutoConfigurationContextCustomizerFactory$DisableAutoConfigurationContextCustomizer@54f75cf8, org.springframework.boot.test.autoconfigure.actuate.metrics.MetricsExportContextCustomizerFactory$DisableMetricExportContextCustomizer@10c12853, org.springframework.boot.test.autoconfigure.filter.TypeExcludeFiltersContextCustomizer@351584c0, org.springframework.boot.test.autoconfigure.properties.PropertyMappingContextCustomizer@cd97e6f0, org.springframework.boot.test.autoconfigure.web.servlet.WebDriverContextCustomizerFactory$Customizer@1413045f, [ImportsContextCustomizer@a5e15b2 key = [org.springframework.boot.autoconfigure.cache.CacheAutoConfiguration, org.springframework.boot.autoconfigure.data.jpa.JpaRepositoriesAutoConfiguration, org.springframework.boot.autoconfigure.flyway.FlywayAutoConfiguration, org.springframework.boot.autoconfigure.jdbc.DataSourceAutoConfiguration, org.springframework.boot.autoconfigure.jdbc.DataSourceTransactionManagerAutoConfiguration, org.springframework.boot.autoconfigure.jdbc.JdbcTemplateAutoConfiguration, org.springframework.boot.autoconfigure.liquibase.LiquibaseAutoConfiguration, org.springframework.boot.autoconfigure.orm.jpa.HibernateJpaAutoConfiguration, org.springframework.boot.autoconfigure.transaction.TransactionAutoConfiguration, org.springframework.boot.test.autoconfigure.jdbc.TestDatabaseAutoConfiguration, org.springframework.boot.test.autoconfigure.orm.jpa.TestEntityManagerAutoConfiguration]], org.springframework.boot.test.context.filter.ExcludeFilterContextCustomizer@43f36e01, org.springframework.boot.test.json.DuplicateJsonObjectContextCustomizerFactory$DuplicateJsonObjectContextCustomizer@4e6b26d7, org.springframework.boot.test.mock.mockito.MockitoContextCustomizer@0, org.springframework.boot.test.context.SpringBootTestArgs@1, org.springframework.boot.test.context.SpringBootTestWebEnvironment@0], contextLoader = 'org.springframework.boot.test.context.SpringBootContextLoader', parent = [null]], attributes = map[[empty]]]
2020-11-26 00:03:24.798  INFO 12584 --- [    Test worker] o.s.t.c.transaction.TransactionContext   : Began transaction (1) for test context [DefaultTestContext@3add4889 testClass = DatabaseTest, testInstance = group03.project.jpa.DatabaseTest@7f548288, testMethod = shouldReturnCEODescription@DatabaseTest, testException = [null], mergedContextConfiguration = [MergedContextConfiguration@99c6fb9 testClass = DatabaseTest, locations = '{}', classes = '{class group03.project.Group03StaffProjectApplication}', contextInitializerClasses = '[]', activeProfiles = '{}', propertySourceLocations = '{}', propertySourceProperties = '{org.springframework.boot.test.autoconfigure.orm.jpa.DataJpaTestContextBootstrapper=true}', contextCustomizers = set[org.springframework.boot.test.autoconfigure.OverrideAutoConfigurationContextCustomizerFactory$DisableAutoConfigurationContextCustomizer@54f75cf8, org.springframework.boot.test.autoconfigure.actuate.metrics.MetricsExportContextCustomizerFactory$DisableMetricExportContextCustomizer@10c12853, org.springframework.boot.test.autoconfigure.filter.TypeExcludeFiltersContextCustomizer@351584c0, org.springframework.boot.test.autoconfigure.properties.PropertyMappingContextCustomizer@cd97e6f0, org.springframework.boot.test.autoconfigure.web.servlet.WebDriverContextCustomizerFactory$Customizer@1413045f, [ImportsContextCustomizer@a5e15b2 key = [org.springframework.boot.autoconfigure.cache.CacheAutoConfiguration, org.springframework.boot.autoconfigure.data.jpa.JpaRepositoriesAutoConfiguration, org.springframework.boot.autoconfigure.flyway.FlywayAutoConfiguration, org.springframework.boot.autoconfigure.jdbc.DataSourceAutoConfiguration, org.springframework.boot.autoconfigure.jdbc.DataSourceTransactionManagerAutoConfiguration, org.springframework.boot.autoconfigure.jdbc.JdbcTemplateAutoConfiguration, org.springframework.boot.autoconfigure.liquibase.LiquibaseAutoConfiguration, org.springframework.boot.autoconfigure.orm.jpa.HibernateJpaAutoConfiguration, org.springframework.boot.autoconfigure.transaction.TransactionAutoConfiguration, org.springframework.boot.test.autoconfigure.jdbc.TestDatabaseAutoConfiguration, org.springframework.boot.test.autoconfigure.orm.jpa.TestEntityManagerAutoConfiguration]], org.springframework.boot.test.context.filter.ExcludeFilterContextCustomizer@43f36e01, org.springframework.boot.test.json.DuplicateJsonObjectContextCustomizerFactory$DuplicateJsonObjectContextCustomizer@4e6b26d7, org.springframework.boot.test.mock.mockito.MockitoContextCustomizer@0, org.springframework.boot.test.context.SpringBootTestArgs@1, org.springframework.boot.test.context.SpringBootTestWebEnvironment@0], contextLoader = 'org.springframework.boot.test.context.SpringBootContextLoader', parent = [null]], attributes = map[[empty]]]; transaction manager [org.springframework.orm.jpa.JpaTransactionManager@87b4228]; rollback [true]
Hibernate: select role0_.role as role1_0_, role0_.description as descript2_0_ from staffdevelopment.role role0_ where role0_.role=?
2020-11-26 00:03:24.832  INFO 12584 --- [    Test worker] o.s.t.c.transaction.TransactionContext   : Rolled back transaction for test: [DefaultTestContext@3add4889 testClass = DatabaseTest, testInstance = group03.project.jpa.DatabaseTest@7f548288, testMethod = shouldReturnCEODescription@DatabaseTest, testException = [null], mergedContextConfiguration = [MergedContextConfiguration@99c6fb9 testClass = DatabaseTest, locations = '{}', classes = '{class group03.project.Group03StaffProjectApplication}', contextInitializerClasses = '[]', activeProfiles = '{}', propertySourceLocations = '{}', propertySourceProperties = '{org.springframework.boot.test.autoconfigure.orm.jpa.DataJpaTestContextBootstrapper=true}', contextCustomizers = set[org.springframework.boot.test.autoconfigure.OverrideAutoConfigurationContextCustomizerFactory$DisableAutoConfigurationContextCustomizer@54f75cf8, org.springframework.boot.test.autoconfigure.actuate.metrics.MetricsExportContextCustomizerFactory$DisableMetricExportContextCustomizer@10c12853, org.springframework.boot.test.autoconfigure.filter.TypeExcludeFiltersContextCustomizer@351584c0, org.springframework.boot.test.autoconfigure.properties.PropertyMappingContextCustomizer@cd97e6f0, org.springframework.boot.test.autoconfigure.web.servlet.WebDriverContextCustomizerFactory$Customizer@1413045f, [ImportsContextCustomizer@a5e15b2 key = [org.springframework.boot.autoconfigure.cache.CacheAutoConfiguration, org.springframework.boot.autoconfigure.data.jpa.JpaRepositoriesAutoConfiguration, org.springframework.boot.autoconfigure.flyway.FlywayAutoConfiguration, org.springframework.boot.autoconfigure.jdbc.DataSourceAutoConfiguration, org.springframework.boot.autoconfigure.jdbc.DataSourceTransactionManagerAutoConfiguration, org.springframework.boot.autoconfigure.jdbc.JdbcTemplateAutoConfiguration, org.springframework.boot.autoconfigure.liquibase.LiquibaseAutoConfiguration, org.springframework.boot.autoconfigure.orm.jpa.HibernateJpaAutoConfiguration, org.springframework.boot.autoconfigure.transaction.TransactionAutoConfiguration, org.springframework.boot.test.autoconfigure.jdbc.TestDatabaseAutoConfiguration, org.springframework.boot.test.autoconfigure.orm.jpa.TestEntityManagerAutoConfiguration]], org.springframework.boot.test.context.filter.ExcludeFilterContextCustomizer@43f36e01, org.springframework.boot.test.json.DuplicateJsonObjectContextCustomizerFactory$DuplicateJsonObjectContextCustomizer@4e6b26d7, org.springframework.boot.test.mock.mockito.MockitoContextCustomizer@0, org.springframework.boot.test.context.SpringBootTestArgs@1, org.springframework.boot.test.context.SpringBootTestWebEnvironment@0], contextLoader = 'org.springframework.boot.test.context.SpringBootContextLoader', parent = [null]], attributes = map[[empty]]]
]]></system-out>
  <system-err><![CDATA[]]></system-err>
</testsuite>
