<?xml version="1.0" encoding="UTF-8"?>
<testsuite name="group03.project.Group03StaffProjectApplicationTests" tests="1" skipped="0" failures="0" errors="0" timestamp="2020-11-25T17:44:30" hostname="MATT-MSI" time="0.405">
  <properties/>
  <testcase name="contextLoads()" classname="group03.project.Group03StaffProjectApplicationTests" time="0.405"/>
  <system-out><![CDATA[17:44:26.083 [Test worker] DEBUG org.springframework.test.context.BootstrapUtils - Instantiating CacheAwareContextLoaderDelegate from class [org.springframework.test.context.cache.DefaultCacheAwareContextLoaderDelegate]
17:44:26.105 [Test worker] DEBUG org.springframework.test.context.BootstrapUtils - Instantiating BootstrapContext using constructor [public org.springframework.test.context.support.DefaultBootstrapContext(java.lang.Class,org.springframework.test.context.CacheAwareContextLoaderDelegate)]
17:44:26.155 [Test worker] DEBUG org.springframework.test.context.BootstrapUtils - Instantiating TestContextBootstrapper for test class [group03.project.Group03StaffProjectApplicationTests] from class [org.springframework.boot.test.context.SpringBootTestContextBootstrapper]
17:44:26.169 [Test worker] INFO org.springframework.boot.test.context.SpringBootTestContextBootstrapper - Neither @ContextConfiguration nor @ContextHierarchy found for test class [group03.project.Group03StaffProjectApplicationTests], using SpringBootContextLoader
17:44:26.174 [Test worker] DEBUG org.springframework.test.context.support.AbstractContextLoader - Did not detect default resource location for test class [group03.project.Group03StaffProjectApplicationTests]: class path resource [group03/project/Group03StaffProjectApplicationTests-context.xml] does not exist
17:44:26.175 [Test worker] DEBUG org.springframework.test.context.support.AbstractContextLoader - Did not detect default resource location for test class [group03.project.Group03StaffProjectApplicationTests]: class path resource [group03/project/Group03StaffProjectApplicationTestsContext.groovy] does not exist
17:44:26.175 [Test worker] INFO org.springframework.test.context.support.AbstractContextLoader - Could not detect default resource locations for test class [group03.project.Group03StaffProjectApplicationTests]: no resource found for suffixes {-context.xml, Context.groovy}.
17:44:26.176 [Test worker] INFO org.springframework.test.context.support.AnnotationConfigContextLoaderUtils - Could not detect default configuration classes for test class [group03.project.Group03StaffProjectApplicationTests]: Group03StaffProjectApplicationTests does not declare any static, non-private, non-final, nested classes annotated with @Configuration.
17:44:26.228 [Test worker] DEBUG org.springframework.test.context.support.ActiveProfilesUtils - Could not find an 'annotation declaring class' for annotation type [org.springframework.test.context.ActiveProfiles] and class [group03.project.Group03StaffProjectApplicationTests]
17:44:26.299 [Test worker] DEBUG org.springframework.context.annotation.ClassPathScanningCandidateComponentProvider - Identified candidate component class: file [C:\Users\Work\OneDrive - Cardiff University\y2\Client Project\mybuild\group-03-staff-project\build\classes\java\main\group03\project\Group03StaffProjectApplication.class]
17:44:26.300 [Test worker] INFO org.springframework.boot.test.context.SpringBootTestContextBootstrapper - Found @SpringBootConfiguration group03.project.Group03StaffProjectApplication for test class group03.project.Group03StaffProjectApplicationTests
17:44:26.484 [Test worker] DEBUG org.springframework.boot.test.context.SpringBootTestContextBootstrapper - @TestExecutionListeners is not present for class [group03.project.Group03StaffProjectApplicationTests]: using defaults.
17:44:26.485 [Test worker] INFO org.springframework.boot.test.context.SpringBootTestContextBootstrapper - Loaded default TestExecutionListener class names from location [META-INF/spring.factories]: [org.springframework.boot.test.autoconfigure.restdocs.RestDocsTestExecutionListener, org.springframework.boot.test.autoconfigure.web.client.MockRestServiceServerResetTestExecutionListener, org.springframework.boot.test.autoconfigure.web.servlet.MockMvcPrintOnlyOnFailureTestExecutionListener, org.springframework.boot.test.autoconfigure.web.servlet.WebDriverTestExecutionListener, org.springframework.boot.test.autoconfigure.webservices.client.MockWebServiceServerTestExecutionListener, org.springframework.boot.test.mock.mockito.MockitoTestExecutionListener, org.springframework.boot.test.mock.mockito.ResetMocksTestExecutionListener, org.springframework.test.context.web.ServletTestExecutionListener, org.springframework.test.context.support.DirtiesContextBeforeModesTestExecutionListener, org.springframework.test.context.support.DependencyInjectionTestExecutionListener, org.springframework.test.context.support.DirtiesContextTestExecutionListener, org.springframework.test.context.transaction.TransactionalTestExecutionListener, org.springframework.test.context.jdbc.SqlScriptsTestExecutionListener, org.springframework.test.context.event.EventPublishingTestExecutionListener]
17:44:26.510 [Test worker] INFO org.springframework.boot.test.context.SpringBootTestContextBootstrapper - Using TestExecutionListeners: [org.springframework.test.context.web.ServletTestExecutionListener@e6bb81e, org.springframework.test.context.support.DirtiesContextBeforeModesTestExecutionListener@30626d00, org.springframework.boot.test.mock.mockito.MockitoTestExecutionListener@763616e6, org.springframework.boot.test.autoconfigure.SpringBootDependencyInjectionTestExecutionListener@59a3aa1f, org.springframework.test.context.support.DirtiesContextTestExecutionListener@adb527d, org.springframework.test.context.transaction.TransactionalTestExecutionListener@29f2344b, org.springframework.test.context.jdbc.SqlScriptsTestExecutionListener@6fb596b5, org.springframework.test.context.event.EventPublishingTestExecutionListener@2b822a0e, org.springframework.boot.test.autoconfigure.restdocs.RestDocsTestExecutionListener@7b1addb9, org.springframework.boot.test.autoconfigure.web.client.MockRestServiceServerResetTestExecutionListener@43f2fefd, org.springframework.boot.test.autoconfigure.web.servlet.MockMvcPrintOnlyOnFailureTestExecutionListener@b1c808, org.springframework.boot.test.autoconfigure.web.servlet.WebDriverTestExecutionListener@3a59404a, org.springframework.boot.test.autoconfigure.webservices.client.MockWebServiceServerTestExecutionListener@1783a5ad, org.springframework.boot.test.mock.mockito.ResetMocksTestExecutionListener@4352b4b6]
17:44:26.516 [Test worker] DEBUG org.springframework.test.context.support.AbstractDirtiesContextTestExecutionListener - Before test class: context [DefaultTestContext@61484557 testClass = Group03StaffProjectApplicationTests, testInstance = [null], testMethod = [null], testException = [null], mergedContextConfiguration = [WebMergedContextConfiguration@4bf9a3f7 testClass = Group03StaffProjectApplicationTests, locations = '{}', classes = '{class group03.project.Group03StaffProjectApplication}', contextInitializerClasses = '[]', activeProfiles = '{}', propertySourceLocations = '{}', propertySourceProperties = '{org.springframework.boot.test.context.SpringBootTestContextBootstrapper=true}', contextCustomizers = set[org.springframework.boot.test.autoconfigure.actuate.metrics.MetricsExportContextCustomizerFactory$DisableMetricExportContextCustomizer@58eea642, org.springframework.boot.test.autoconfigure.properties.PropertyMappingContextCustomizer@0, org.springframework.boot.test.autoconfigure.web.servlet.WebDriverContextCustomizerFactory$Customizer@24b25a43, org.springframework.boot.test.context.filter.ExcludeFilterContextCustomizer@2681b110, org.springframework.boot.test.json.DuplicateJsonObjectContextCustomizerFactory$DuplicateJsonObjectContextCustomizer@4e39df37, org.springframework.boot.test.mock.mockito.MockitoContextCustomizer@0, org.springframework.boot.test.web.client.TestRestTemplateContextCustomizer@6f8dda17, org.springframework.boot.test.web.reactive.server.WebTestClientContextCustomizer@34b9186c, org.springframework.boot.test.context.SpringBootTestArgs@1, org.springframework.boot.test.context.SpringBootTestWebEnvironment@3a41db6a], resourceBasePath = 'src/main/webapp', contextLoader = 'org.springframework.boot.test.context.SpringBootContextLoader', parent = [null]], attributes = map['org.springframework.test.context.web.ServletTestExecutionListener.activateListener' -> true]], class annotated with @DirtiesContext [false] with mode [null].
17:44:26.552 [Test worker] DEBUG org.springframework.test.context.support.TestPropertySourceUtils - Adding inlined properties to environment: {spring.jmx.enabled=false, org.springframework.boot.test.context.SpringBootTestContextBootstrapper=true}

  .   ____          _            __ _ _
 /\\ / ___'_ __ _ _(_)_ __  __ _ \ \ \ \
( ( )\___ | '_ | '_| | '_ \/ _` | \ \ \ \
 \\/  ___)| |_)| | | | | || (_| |  ) ) ) )
  '  |____| .__|_| |_|_| |_\__, | / / / /
 =========|_|==============|___/=/_/_/_/
 :: Spring Boot ::                (v2.4.0)

2020-11-25 17:44:26.871  INFO 408 --- [    Test worker] g.p.Group03StaffProjectApplicationTests  : Starting Group03StaffProjectApplicationTests using Java 13.0.4 on MATT-MSI with PID 408 (started by Work in C:\Users\Work\OneDrive - Cardiff University\y2\Client Project\mybuild\group-03-staff-project)
2020-11-25 17:44:26.873  INFO 408 --- [    Test worker] g.p.Group03StaffProjectApplicationTests  : No active profile set, falling back to default profiles: default
2020-11-25 17:44:27.873  INFO 408 --- [    Test worker] .s.d.r.c.RepositoryConfigurationDelegate : Bootstrapping Spring Data JPA repositories in DEFERRED mode.
2020-11-25 17:44:27.899  INFO 408 --- [    Test worker] .s.d.r.c.RepositoryConfigurationDelegate : Finished Spring Data repository scanning in 15 ms. Found 0 JPA repository interfaces.
2020-11-25 17:44:28.553  INFO 408 --- [    Test worker] o.s.s.concurrent.ThreadPoolTaskExecutor  : Initializing ExecutorService 'applicationTaskExecutor'
2020-11-25 17:44:28.579  INFO 408 --- [    Test worker] com.zaxxer.hikari.HikariDataSource       : HikariPool-1 - Starting...
2020-11-25 17:44:28.820  INFO 408 --- [    Test worker] com.zaxxer.hikari.HikariDataSource       : HikariPool-1 - Start completed.
2020-11-25 17:44:28.987  INFO 408 --- [         task-1] o.hibernate.jpa.internal.util.LogHelper  : HHH000204: Processing PersistenceUnitInfo [name: default]
2020-11-25 17:44:29.090  INFO 408 --- [         task-1] org.hibernate.Version                    : HHH000412: Hibernate ORM core version 5.4.23.Final
2020-11-25 17:44:29.389  INFO 408 --- [         task-1] o.hibernate.annotations.common.Version   : HCANN000001: Hibernate Commons Annotations {5.1.2.Final}
2020-11-25 17:44:29.392  WARN 408 --- [    Test worker] JpaBaseConfiguration$JpaWebConfiguration : spring.jpa.open-in-view is enabled by default. Therefore, database queries may be performed during view rendering. Explicitly configure spring.jpa.open-in-view to disable this warning
2020-11-25 17:44:29.655  INFO 408 --- [         task-1] org.hibernate.dialect.Dialect            : HHH000400: Using dialect: org.hibernate.dialect.H2Dialect
2020-11-25 17:44:29.971  INFO 408 --- [    Test worker] o.s.b.a.w.s.WelcomePageHandlerMapping    : Adding welcome page template: index
2020-11-25 17:44:30.121  INFO 408 --- [         task-1] o.h.e.t.j.p.i.JtaPlatformInitiator       : HHH000490: Using JtaPlatform implementation: [org.hibernate.engine.transaction.jta.platform.internal.NoJtaPlatform]
2020-11-25 17:44:30.140  INFO 408 --- [         task-1] j.LocalContainerEntityManagerFactoryBean : Initialized JPA EntityManagerFactory for persistence unit 'default'
2020-11-25 17:44:30.500  INFO 408 --- [    Test worker] DeferredRepositoryInitializationListener : Triggering deferred initialization of Spring Data repositories…
2020-11-25 17:44:30.501  INFO 408 --- [    Test worker] DeferredRepositoryInitializationListener : Spring Data repositories initialized!
2020-11-25 17:44:30.512  INFO 408 --- [    Test worker] g.p.Group03StaffProjectApplicationTests  : Started Group03StaffProjectApplicationTests in 3.95 seconds (JVM running for 6.004)
]]></system-out>
  <system-err><![CDATA[]]></system-err>
</testsuite>
