<?xml version="1.0" encoding="UTF-8"?>
<testsuite name="group03.project.database.DatabaseTest" tests="1" skipped="0" failures="0" errors="0" timestamp="2020-11-25T15:50:14" hostname="WR302432629CE7" time="0.991">
  <properties/>
  <testcase name="shouldReturnTwoUsers()" classname="group03.project.database.DatabaseTest" time="0.991"/>
  <system-out><![CDATA[15:50:05.034 [Test worker] DEBUG org.springframework.test.context.BootstrapUtils - Instantiating CacheAwareContextLoaderDelegate from class [org.springframework.test.context.cache.DefaultCacheAwareContextLoaderDelegate]
15:50:05.074 [Test worker] DEBUG org.springframework.test.context.BootstrapUtils - Instantiating BootstrapContext using constructor [public org.springframework.test.context.support.DefaultBootstrapContext(java.lang.Class,org.springframework.test.context.CacheAwareContextLoaderDelegate)]
15:50:05.163 [Test worker] DEBUG org.springframework.test.context.BootstrapUtils - Instantiating TestContextBootstrapper for test class [group03.project.database.DatabaseTest] from class [org.springframework.boot.test.autoconfigure.orm.jpa.DataJpaTestContextBootstrapper]
15:50:05.195 [Test worker] INFO org.springframework.boot.test.autoconfigure.orm.jpa.DataJpaTestContextBootstrapper - Neither @ContextConfiguration nor @ContextHierarchy found for test class [group03.project.database.DatabaseTest], using SpringBootContextLoader
15:50:05.206 [Test worker] DEBUG org.springframework.test.context.support.AbstractContextLoader - Did not detect default resource location for test class [group03.project.database.DatabaseTest]: class path resource [group03/project/database/DatabaseTest-context.xml] does not exist
15:50:05.207 [Test worker] DEBUG org.springframework.test.context.support.AbstractContextLoader - Did not detect default resource location for test class [group03.project.database.DatabaseTest]: class path resource [group03/project/database/DatabaseTestContext.groovy] does not exist
15:50:05.207 [Test worker] INFO org.springframework.test.context.support.AbstractContextLoader - Could not detect default resource locations for test class [group03.project.database.DatabaseTest]: no resource found for suffixes {-context.xml, Context.groovy}.
15:50:05.208 [Test worker] INFO org.springframework.test.context.support.AnnotationConfigContextLoaderUtils - Could not detect default configuration classes for test class [group03.project.database.DatabaseTest]: DatabaseTest does not declare any static, non-private, non-final, nested classes annotated with @Configuration.
15:50:05.348 [Test worker] DEBUG org.springframework.test.context.support.ActiveProfilesUtils - Could not find an 'annotation declaring class' for annotation type [org.springframework.test.context.ActiveProfiles] and class [group03.project.database.DatabaseTest]
15:50:05.472 [Test worker] DEBUG org.springframework.context.annotation.ClassPathScanningCandidateComponentProvider - Identified candidate component class: file [C:\Projects\student-work\team3\group-03-staff-project\build\classes\java\main\group03\project\Group03StaffProjectApplication.class]
15:50:05.475 [Test worker] INFO org.springframework.boot.test.context.SpringBootTestContextBootstrapper - Found @SpringBootConfiguration group03.project.Group03StaffProjectApplication for test class group03.project.database.DatabaseTest
15:50:05.482 [Test worker] DEBUG org.springframework.boot.test.autoconfigure.orm.jpa.DataJpaTestContextBootstrapper - @TestExecutionListeners is not present for class [group03.project.database.DatabaseTest]: using defaults.
15:50:05.484 [Test worker] INFO org.springframework.boot.test.autoconfigure.orm.jpa.DataJpaTestContextBootstrapper - Loaded default TestExecutionListener class names from location [META-INF/spring.factories]: [org.springframework.boot.test.autoconfigure.restdocs.RestDocsTestExecutionListener, org.springframework.boot.test.autoconfigure.web.client.MockRestServiceServerResetTestExecutionListener, org.springframework.boot.test.autoconfigure.web.servlet.MockMvcPrintOnlyOnFailureTestExecutionListener, org.springframework.boot.test.autoconfigure.web.servlet.WebDriverTestExecutionListener, org.springframework.boot.test.autoconfigure.webservices.client.MockWebServiceServerTestExecutionListener, org.springframework.boot.test.mock.mockito.MockitoTestExecutionListener, org.springframework.boot.test.mock.mockito.ResetMocksTestExecutionListener, org.springframework.test.context.web.ServletTestExecutionListener, org.springframework.test.context.support.DirtiesContextBeforeModesTestExecutionListener, org.springframework.test.context.support.DependencyInjectionTestExecutionListener, org.springframework.test.context.support.DirtiesContextTestExecutionListener, org.springframework.test.context.transaction.TransactionalTestExecutionListener, org.springframework.test.context.jdbc.SqlScriptsTestExecutionListener, org.springframework.test.context.event.EventPublishingTestExecutionListener]
15:50:05.537 [Test worker] INFO org.springframework.boot.test.autoconfigure.orm.jpa.DataJpaTestContextBootstrapper - Using TestExecutionListeners: [org.springframework.test.context.web.ServletTestExecutionListener@74cdfbd, org.springframework.test.context.support.DirtiesContextBeforeModesTestExecutionListener@7f51374d, org.springframework.boot.test.mock.mockito.MockitoTestExecutionListener@2416bd8e, org.springframework.boot.test.autoconfigure.SpringBootDependencyInjectionTestExecutionListener@4ab85a7a, org.springframework.test.context.support.DirtiesContextTestExecutionListener@2b68d5a7, org.springframework.test.context.transaction.TransactionalTestExecutionListener@5df564d8, org.springframework.test.context.jdbc.SqlScriptsTestExecutionListener@4c9e5825, org.springframework.test.context.event.EventPublishingTestExecutionListener@447da046, org.springframework.boot.test.autoconfigure.restdocs.RestDocsTestExecutionListener@29d58083, org.springframework.boot.test.autoconfigure.web.client.MockRestServiceServerResetTestExecutionListener@5ff0f2c5, org.springframework.boot.test.autoconfigure.web.servlet.MockMvcPrintOnlyOnFailureTestExecutionListener@6191c66e, org.springframework.boot.test.autoconfigure.web.servlet.WebDriverTestExecutionListener@4847358a, org.springframework.boot.test.autoconfigure.webservices.client.MockWebServiceServerTestExecutionListener@4d137599, org.springframework.boot.test.mock.mockito.ResetMocksTestExecutionListener@152dd024]
15:50:05.547 [Test worker] DEBUG org.springframework.test.context.support.AbstractDirtiesContextTestExecutionListener - Before test class: context [DefaultTestContext@6bfce1c5 testClass = DatabaseTest, testInstance = [null], testMethod = [null], testException = [null], mergedContextConfiguration = [MergedContextConfiguration@26571ed3 testClass = DatabaseTest, locations = '{}', classes = '{class group03.project.Group03StaffProjectApplication}', contextInitializerClasses = '[]', activeProfiles = '{}', propertySourceLocations = '{}', propertySourceProperties = '{org.springframework.boot.test.autoconfigure.orm.jpa.DataJpaTestContextBootstrapper=true}', contextCustomizers = set[org.springframework.boot.test.autoconfigure.OverrideAutoConfigurationContextCustomizerFactory$DisableAutoConfigurationContextCustomizer@524452e6, org.springframework.boot.test.autoconfigure.actuate.metrics.MetricsExportContextCustomizerFactory$DisableMetricExportContextCustomizer@5b7aeee9, org.springframework.boot.test.autoconfigure.filter.TypeExcludeFiltersContextCustomizer@351584c0, org.springframework.boot.test.autoconfigure.properties.PropertyMappingContextCustomizer@19159fde, org.springframework.boot.test.autoconfigure.web.servlet.WebDriverContextCustomizerFactory$Customizer@7964243d, [ImportsContextCustomizer@6f4e635e key = [org.springframework.boot.autoconfigure.cache.CacheAutoConfiguration, org.springframework.boot.autoconfigure.data.jpa.JpaRepositoriesAutoConfiguration, org.springframework.boot.autoconfigure.flyway.FlywayAutoConfiguration, org.springframework.boot.autoconfigure.jdbc.DataSourceAutoConfiguration, org.springframework.boot.autoconfigure.jdbc.DataSourceTransactionManagerAutoConfiguration, org.springframework.boot.autoconfigure.jdbc.JdbcTemplateAutoConfiguration, org.springframework.boot.autoconfigure.liquibase.LiquibaseAutoConfiguration, org.springframework.boot.autoconfigure.orm.jpa.HibernateJpaAutoConfiguration, org.springframework.boot.autoconfigure.transaction.TransactionAutoConfiguration, org.springframework.boot.test.autoconfigure.jdbc.TestDatabaseAutoConfiguration, org.springframework.boot.test.autoconfigure.orm.jpa.TestEntityManagerAutoConfiguration]], org.springframework.boot.test.context.filter.ExcludeFilterContextCustomizer@1b7304df, org.springframework.boot.test.json.DuplicateJsonObjectContextCustomizerFactory$DuplicateJsonObjectContextCustomizer@56a52f4c, org.springframework.boot.test.mock.mockito.MockitoContextCustomizer@0, org.springframework.boot.test.context.SpringBootTestArgs@1, org.springframework.boot.test.context.SpringBootTestWebEnvironment@0], contextLoader = 'org.springframework.boot.test.context.SpringBootContextLoader', parent = [null]], attributes = map[[empty]]], class annotated with @DirtiesContext [false] with mode [null].
15:50:05.571 [Test worker] DEBUG org.springframework.test.context.support.DependencyInjectionTestExecutionListener - Performing dependency injection for test context [[DefaultTestContext@6bfce1c5 testClass = DatabaseTest, testInstance = group03.project.database.DatabaseTest@5bef36dd, testMethod = [null], testException = [null], mergedContextConfiguration = [MergedContextConfiguration@26571ed3 testClass = DatabaseTest, locations = '{}', classes = '{class group03.project.Group03StaffProjectApplication}', contextInitializerClasses = '[]', activeProfiles = '{}', propertySourceLocations = '{}', propertySourceProperties = '{org.springframework.boot.test.autoconfigure.orm.jpa.DataJpaTestContextBootstrapper=true}', contextCustomizers = set[org.springframework.boot.test.autoconfigure.OverrideAutoConfigurationContextCustomizerFactory$DisableAutoConfigurationContextCustomizer@524452e6, org.springframework.boot.test.autoconfigure.actuate.metrics.MetricsExportContextCustomizerFactory$DisableMetricExportContextCustomizer@5b7aeee9, org.springframework.boot.test.autoconfigure.filter.TypeExcludeFiltersContextCustomizer@351584c0, org.springframework.boot.test.autoconfigure.properties.PropertyMappingContextCustomizer@19159fde, org.springframework.boot.test.autoconfigure.web.servlet.WebDriverContextCustomizerFactory$Customizer@7964243d, [ImportsContextCustomizer@6f4e635e key = [org.springframework.boot.autoconfigure.cache.CacheAutoConfiguration, org.springframework.boot.autoconfigure.data.jpa.JpaRepositoriesAutoConfiguration, org.springframework.boot.autoconfigure.flyway.FlywayAutoConfiguration, org.springframework.boot.autoconfigure.jdbc.DataSourceAutoConfiguration, org.springframework.boot.autoconfigure.jdbc.DataSourceTransactionManagerAutoConfiguration, org.springframework.boot.autoconfigure.jdbc.JdbcTemplateAutoConfiguration, org.springframework.boot.autoconfigure.liquibase.LiquibaseAutoConfiguration, org.springframework.boot.autoconfigure.orm.jpa.HibernateJpaAutoConfiguration, org.springframework.boot.autoconfigure.transaction.TransactionAutoConfiguration, org.springframework.boot.test.autoconfigure.jdbc.TestDatabaseAutoConfiguration, org.springframework.boot.test.autoconfigure.orm.jpa.TestEntityManagerAutoConfiguration]], org.springframework.boot.test.context.filter.ExcludeFilterContextCustomizer@1b7304df, org.springframework.boot.test.json.DuplicateJsonObjectContextCustomizerFactory$DuplicateJsonObjectContextCustomizer@56a52f4c, org.springframework.boot.test.mock.mockito.MockitoContextCustomizer@0, org.springframework.boot.test.context.SpringBootTestArgs@1, org.springframework.boot.test.context.SpringBootTestWebEnvironment@0], contextLoader = 'org.springframework.boot.test.context.SpringBootContextLoader', parent = [null]], attributes = map[[empty]]]].
15:50:05.650 [Test worker] DEBUG org.springframework.test.context.support.TestPropertySourceUtils - Adding inlined properties to environment: {spring.jmx.enabled=false, org.springframework.boot.test.autoconfigure.orm.jpa.DataJpaTestContextBootstrapper=true}

  .   ____          _            __ _ _
 /\\ / ___'_ __ _ _(_)_ __  __ _ \ \ \ \
( ( )\___ | '_ | '_| | '_ \/ _` | \ \ \ \
 \\/  ___)| |_)| | | | | || (_| |  ) ) ) )
  '  |____| .__|_| |_|_| |_\__, | / / / /
 =========|_|==============|___/=/_/_/_/
 :: Spring Boot ::                (v2.4.0)

2020-11-25 15:50:06.454  INFO 31908 --- [    Test worker] group03.project.database.DatabaseTest    : Starting DatabaseTest using Java 11.0.5 on WR302432629CE7 with PID 31908 (started by scmcj1 in C:\Projects\student-work\team3\group-03-staff-project)
2020-11-25 15:50:06.459  INFO 31908 --- [    Test worker] group03.project.database.DatabaseTest    : No active profile set, falling back to default profiles: default
2020-11-25 15:50:07.581  INFO 31908 --- [    Test worker] .s.d.r.c.RepositoryConfigurationDelegate : Bootstrapping Spring Data JPA repositories in LAZY mode.
2020-11-25 15:50:07.809  INFO 31908 --- [    Test worker] .s.d.r.c.RepositoryConfigurationDelegate : Finished Spring Data repository scanning in 200 ms. Found 1 JPA repository interfaces.
2020-11-25 15:50:07.977  INFO 31908 --- [    Test worker] beddedDataSourceBeanFactoryPostProcessor : Replacing 'dataSource' DataSource bean with embedded version
2020-11-25 15:50:08.621  INFO 31908 --- [    Test worker] o.s.j.d.e.EmbeddedDatabaseFactory        : Starting embedded database: url='jdbc:h2:mem:e52d951b-37e6-488b-94df-5e8275eff244;DB_CLOSE_DELAY=-1;DB_CLOSE_ON_EXIT=false', username='sa'
2020-11-25 15:50:09.798 DEBUG 31908 --- [    Test worker] o.s.jdbc.datasource.init.ScriptUtils     : Executing SQL script from URL [file:/C:/Projects/student-work/team3/group-03-staff-project/build/resources/main/schema.sql]
2020-11-25 15:50:09.813 DEBUG 31908 --- [    Test worker] o.s.jdbc.datasource.init.ScriptUtils     : 0 returned as update count for SQL: SET MODE MYSQL
2020-11-25 15:50:09.814 DEBUG 31908 --- [    Test worker] o.s.jdbc.datasource.init.ScriptUtils     : 0 returned as update count for SQL: SET IGNORECASE=TRUE
2020-11-25 15:50:09.816 DEBUG 31908 --- [    Test worker] o.s.jdbc.datasource.init.ScriptUtils     : 0 returned as update count for SQL: CREATE SCHEMA IF NOT EXISTS staffdevelopment
2020-11-25 15:50:09.818 DEBUG 31908 --- [    Test worker] o.s.jdbc.datasource.init.ScriptUtils     : 0 returned as update count for SQL: USE `staffdevelopment` 
2020-11-25 15:50:09.862 DEBUG 31908 --- [    Test worker] o.s.jdbc.datasource.init.ScriptUtils     : 0 returned as update count for SQL: CREATE TABLE IF NOT EXISTS `staffdevelopment`.`activity` ( `activityID` INT NOT NULL AUTO_INCREMENT, `file` VARCHAR(45) NULL DEFAULT NULL, `description` VARCHAR(250) NULL DEFAULT NULL, PRIMARY KEY (`activityID`)) ENGINE = InnoDB
2020-11-25 15:50:09.865 DEBUG 31908 --- [    Test worker] o.s.jdbc.datasource.init.ScriptUtils     : 0 returned as update count for SQL: CREATE TABLE IF NOT EXISTS `staffdevelopment`.`tag` ( `tagID` INT(11) NOT NULL, `description` VARCHAR(45) NULL DEFAULT NULL, `isOfficial` TINYINT(4) NULL DEFAULT NULL, PRIMARY KEY (`tagID`)) ENGINE = InnoDB
2020-11-25 15:50:09.927 DEBUG 31908 --- [    Test worker] o.s.jdbc.datasource.init.ScriptUtils     : 0 returned as update count for SQL: CREATE TABLE IF NOT EXISTS `staffdevelopment`.`objective` ( `objectiveID` INT(11) NOT NULL, `Activity_activityID` INT(11) NOT NULL, `Tag_tagID` INT(11) NOT NULL, PRIMARY KEY (`objectiveID`), FOREIGN KEY (`Activity_activityID`) REFERENCES `staffdevelopment`.`activity` (`activityID`) ON DELETE NO ACTION ON UPDATE NO ACTION, FOREIGN KEY (`Tag_tagID`) REFERENCES `staffdevelopment`.`tag` (`tagID`) ON DELETE NO ACTION ON UPDATE NO ACTION) ENGINE = InnoDB
2020-11-25 15:50:09.930 DEBUG 31908 --- [    Test worker] o.s.jdbc.datasource.init.ScriptUtils     : 0 returned as update count for SQL: CREATE TABLE IF NOT EXISTS `staffdevelopment`.`role` ( `role` VARCHAR(45) NOT NULL, `description` VARCHAR(45) NULL DEFAULT NULL, PRIMARY KEY (`role`)) ENGINE = InnoDB
2020-11-25 15:50:09.937 DEBUG 31908 --- [    Test worker] o.s.jdbc.datasource.init.ScriptUtils     : 0 returned as update count for SQL: CREATE TABLE IF NOT EXISTS `staffdevelopment`.`siteUser` ( `userID` INT(11) NOT NULL AUTO_INCREMENT, `name` VARCHAR(45) NULL DEFAULT NULL, `homeAddress` VARCHAR(45) NULL DEFAULT NULL, `emailAddress` VARCHAR(45) NULL DEFAULT NULL, `position` VARCHAR(45) NULL DEFAULT NULL, `phoneNo` VARCHAR(13) NULL DEFAULT NULL, `Role_role` VARCHAR(45) NOT NULL, PRIMARY KEY (`userID`), FOREIGN KEY (`Role_role`) REFERENCES `staffdevelopment`.`role` (`role`) ON DELETE NO ACTION ON UPDATE NO ACTION) ENGINE = InnoDB
2020-11-25 15:50:09.948 DEBUG 31908 --- [    Test worker] o.s.jdbc.datasource.init.ScriptUtils     : 0 returned as update count for SQL: CREATE TABLE IF NOT EXISTS `staffdevelopment`.`participation` ( `participationID` INT(11) NOT NULL AUTO_INCREMENT, `date` DATETIME NULL DEFAULT NULL, `siteUser_userID` INT(11) NOT NULL, `Activity_activityID` INT(11) NOT NULL, PRIMARY KEY (`participationID`), FOREIGN KEY (`Activity_activityID`) REFERENCES `staffdevelopment`.`activity` (`activityID`) ON DELETE NO ACTION ON UPDATE NO ACTION, FOREIGN KEY (`siteUser_userID`) REFERENCES `staffdevelopment`.`siteUser` (`userID`) ON DELETE NO ACTION ON UPDATE NO ACTION) ENGINE = InnoDB
2020-11-25 15:50:09.957 DEBUG 31908 --- [    Test worker] o.s.jdbc.datasource.init.ScriptUtils     : 0 returned as update count for SQL: CREATE TABLE IF NOT EXISTS `staffdevelopment`.`reflection` ( `reflectionID` INT(11) NOT NULL AUTO_INCREMENT, `reflection` VARCHAR(45) NULL DEFAULT NULL, `Participation_participationID` INT(11) NOT NULL, `Tag_tagID` INT(11) NOT NULL, PRIMARY KEY (`reflectionID`), FOREIGN KEY (`Participation_participationID`) REFERENCES `staffdevelopment`.`participation` (`participationID`) ON DELETE NO ACTION ON UPDATE NO ACTION, FOREIGN KEY (`Tag_tagID`) REFERENCES `staffdevelopment`.`tag` (`tagID`) ON DELETE NO ACTION ON UPDATE NO ACTION) ENGINE = InnoDB
2020-11-25 15:50:09.958 DEBUG 31908 --- [    Test worker] o.s.jdbc.datasource.init.ScriptUtils     : Executed SQL script from URL [file:/C:/Projects/student-work/team3/group-03-staff-project/build/resources/main/schema.sql] in 159 ms.
2020-11-25 15:50:09.970 DEBUG 31908 --- [    Test worker] o.s.jdbc.datasource.init.ScriptUtils     : Executing SQL script from URL [file:/C:/Projects/student-work/team3/group-03-staff-project/build/resources/main/data.sql]
2020-11-25 15:50:09.982 DEBUG 31908 --- [    Test worker] o.s.jdbc.datasource.init.ScriptUtils     : 1 returned as update count for SQL: INSERT INTO `staffdevelopment`.`role` VALUES ( 'Secretary', 'Files the documents etc')
2020-11-25 15:50:09.984 DEBUG 31908 --- [    Test worker] o.s.jdbc.datasource.init.ScriptUtils     : 1 returned as update count for SQL: INSERT INTO `staffdevelopment`.`role` VALUES ( 'CEO', 'Tells secretary what to do etc')
2020-11-25 15:50:09.986 DEBUG 31908 --- [    Test worker] o.s.jdbc.datasource.init.ScriptUtils     : 1 returned as update count for SQL: INSERT INTO `staffdevelopment`.`siteUser`(name, homeAddress, emailAddress, position, phoneNo, Role_role) VALUES('Karen', '1 the road', 'k@aren.com', 'slave', '132312', 'Secretary')
2020-11-25 15:50:09.988 DEBUG 31908 --- [    Test worker] o.s.jdbc.datasource.init.ScriptUtils     : 1 returned as update count for SQL: INSERT INTO `staffdevelopment`.`siteUser`(name, homeAddress, emailAddress, position, phoneNo, Role_role) VALUES('Dave', 'The office', 'big@ceo.org.uk', 'Top', '111223', 'CEO')
2020-11-25 15:50:10.002 DEBUG 31908 --- [    Test worker] o.s.jdbc.datasource.init.ScriptUtils     : -1 returned as update count for SQL: select * from `staffdevelopment`.`siteUser`
2020-11-25 15:50:10.002 DEBUG 31908 --- [    Test worker] o.s.jdbc.datasource.init.ScriptUtils     : Executed SQL script from URL [file:/C:/Projects/student-work/team3/group-03-staff-project/build/resources/main/data.sql] in 31 ms.
2020-11-25 15:50:10.387  INFO 31908 --- [    Test worker] o.hibernate.jpa.internal.util.LogHelper  : HHH000204: Processing PersistenceUnitInfo [name: default]
2020-11-25 15:50:10.718  INFO 31908 --- [    Test worker] org.hibernate.Version                    : HHH000412: Hibernate ORM core version 5.4.23.Final
2020-11-25 15:50:11.417  INFO 31908 --- [    Test worker] o.hibernate.annotations.common.Version   : HCANN000001: Hibernate Commons Annotations {5.1.2.Final}
2020-11-25 15:50:11.884  INFO 31908 --- [    Test worker] org.hibernate.dialect.Dialect            : HHH000400: Using dialect: org.hibernate.dialect.H2Dialect
2020-11-25 15:50:13.467  INFO 31908 --- [    Test worker] o.h.e.t.j.p.i.JtaPlatformInitiator       : HHH000490: Using JtaPlatform implementation: [org.hibernate.engine.transaction.jta.platform.internal.NoJtaPlatform]
2020-11-25 15:50:13.499  INFO 31908 --- [    Test worker] j.LocalContainerEntityManagerFactoryBean : Initialized JPA EntityManagerFactory for persistence unit 'default'
2020-11-25 15:50:13.692  INFO 31908 --- [    Test worker] group03.project.database.DatabaseTest    : Started DatabaseTest in 8.037 seconds (JVM running for 11.504)
2020-11-25 15:50:14.514  INFO 31908 --- [    Test worker] o.s.t.c.transaction.TransactionContext   : Began transaction (1) for test context [DefaultTestContext@6bfce1c5 testClass = DatabaseTest, testInstance = group03.project.database.DatabaseTest@5bef36dd, testMethod = shouldReturnTwoUsers@DatabaseTest, testException = [null], mergedContextConfiguration = [MergedContextConfiguration@26571ed3 testClass = DatabaseTest, locations = '{}', classes = '{class group03.project.Group03StaffProjectApplication}', contextInitializerClasses = '[]', activeProfiles = '{}', propertySourceLocations = '{}', propertySourceProperties = '{org.springframework.boot.test.autoconfigure.orm.jpa.DataJpaTestContextBootstrapper=true}', contextCustomizers = set[org.springframework.boot.test.autoconfigure.OverrideAutoConfigurationContextCustomizerFactory$DisableAutoConfigurationContextCustomizer@524452e6, org.springframework.boot.test.autoconfigure.actuate.metrics.MetricsExportContextCustomizerFactory$DisableMetricExportContextCustomizer@5b7aeee9, org.springframework.boot.test.autoconfigure.filter.TypeExcludeFiltersContextCustomizer@351584c0, org.springframework.boot.test.autoconfigure.properties.PropertyMappingContextCustomizer@19159fde, org.springframework.boot.test.autoconfigure.web.servlet.WebDriverContextCustomizerFactory$Customizer@7964243d, [ImportsContextCustomizer@6f4e635e key = [org.springframework.boot.autoconfigure.cache.CacheAutoConfiguration, org.springframework.boot.autoconfigure.data.jpa.JpaRepositoriesAutoConfiguration, org.springframework.boot.autoconfigure.flyway.FlywayAutoConfiguration, org.springframework.boot.autoconfigure.jdbc.DataSourceAutoConfiguration, org.springframework.boot.autoconfigure.jdbc.DataSourceTransactionManagerAutoConfiguration, org.springframework.boot.autoconfigure.jdbc.JdbcTemplateAutoConfiguration, org.springframework.boot.autoconfigure.liquibase.LiquibaseAutoConfiguration, org.springframework.boot.autoconfigure.orm.jpa.HibernateJpaAutoConfiguration, org.springframework.boot.autoconfigure.transaction.TransactionAutoConfiguration, org.springframework.boot.test.autoconfigure.jdbc.TestDatabaseAutoConfiguration, org.springframework.boot.test.autoconfigure.orm.jpa.TestEntityManagerAutoConfiguration]], org.springframework.boot.test.context.filter.ExcludeFilterContextCustomizer@1b7304df, org.springframework.boot.test.json.DuplicateJsonObjectContextCustomizerFactory$DuplicateJsonObjectContextCustomizer@56a52f4c, org.springframework.boot.test.mock.mockito.MockitoContextCustomizer@0, org.springframework.boot.test.context.SpringBootTestArgs@1, org.springframework.boot.test.context.SpringBootTestWebEnvironment@0], contextLoader = 'org.springframework.boot.test.context.SpringBootContextLoader', parent = [null]], attributes = map[[empty]]]; transaction manager [org.springframework.orm.jpa.JpaTransactionManager@3e5b45e7]; rollback [true]
Hibernate: select siteuser0_.userID as userid1_1_, siteuser0_.emailAddress as emailadd2_1_, siteuser0_.homeAddress as homeaddr3_1_, siteuser0_.name as name4_1_, siteuser0_.phoneNo as phoneno5_1_, siteuser0_.position as position6_1_, siteuser0_.Role_role as role_rol7_1_ from staffdevelopment.siteUser siteuser0_
Hibernate: select role0_.role as role1_0_0_, role0_.description as descript2_0_0_ from staffdevelopment.Role role0_ where role0_.role=?
Hibernate: select role0_.role as role1_0_0_, role0_.description as descript2_0_0_ from staffdevelopment.Role role0_ where role0_.role=?
2020-11-25 15:50:15.441  INFO 31908 --- [    Test worker] o.s.t.c.transaction.TransactionContext   : Rolled back transaction for test: [DefaultTestContext@6bfce1c5 testClass = DatabaseTest, testInstance = group03.project.database.DatabaseTest@5bef36dd, testMethod = shouldReturnTwoUsers@DatabaseTest, testException = [null], mergedContextConfiguration = [MergedContextConfiguration@26571ed3 testClass = DatabaseTest, locations = '{}', classes = '{class group03.project.Group03StaffProjectApplication}', contextInitializerClasses = '[]', activeProfiles = '{}', propertySourceLocations = '{}', propertySourceProperties = '{org.springframework.boot.test.autoconfigure.orm.jpa.DataJpaTestContextBootstrapper=true}', contextCustomizers = set[org.springframework.boot.test.autoconfigure.OverrideAutoConfigurationContextCustomizerFactory$DisableAutoConfigurationContextCustomizer@524452e6, org.springframework.boot.test.autoconfigure.actuate.metrics.MetricsExportContextCustomizerFactory$DisableMetricExportContextCustomizer@5b7aeee9, org.springframework.boot.test.autoconfigure.filter.TypeExcludeFiltersContextCustomizer@351584c0, org.springframework.boot.test.autoconfigure.properties.PropertyMappingContextCustomizer@19159fde, org.springframework.boot.test.autoconfigure.web.servlet.WebDriverContextCustomizerFactory$Customizer@7964243d, [ImportsContextCustomizer@6f4e635e key = [org.springframework.boot.autoconfigure.cache.CacheAutoConfiguration, org.springframework.boot.autoconfigure.data.jpa.JpaRepositoriesAutoConfiguration, org.springframework.boot.autoconfigure.flyway.FlywayAutoConfiguration, org.springframework.boot.autoconfigure.jdbc.DataSourceAutoConfiguration, org.springframework.boot.autoconfigure.jdbc.DataSourceTransactionManagerAutoConfiguration, org.springframework.boot.autoconfigure.jdbc.JdbcTemplateAutoConfiguration, org.springframework.boot.autoconfigure.liquibase.LiquibaseAutoConfiguration, org.springframework.boot.autoconfigure.orm.jpa.HibernateJpaAutoConfiguration, org.springframework.boot.autoconfigure.transaction.TransactionAutoConfiguration, org.springframework.boot.test.autoconfigure.jdbc.TestDatabaseAutoConfiguration, org.springframework.boot.test.autoconfigure.orm.jpa.TestEntityManagerAutoConfiguration]], org.springframework.boot.test.context.filter.ExcludeFilterContextCustomizer@1b7304df, org.springframework.boot.test.json.DuplicateJsonObjectContextCustomizerFactory$DuplicateJsonObjectContextCustomizer@56a52f4c, org.springframework.boot.test.mock.mockito.MockitoContextCustomizer@0, org.springframework.boot.test.context.SpringBootTestArgs@1, org.springframework.boot.test.context.SpringBootTestWebEnvironment@0], contextLoader = 'org.springframework.boot.test.context.SpringBootContextLoader', parent = [null]], attributes = map[[empty]]]
]]></system-out>
  <system-err><![CDATA[]]></system-err>
</testsuite>
