<?xml version="1.0" encoding="UTF-8"?>
<testsuite name="group03.project.jpa.DatabaseTest" tests="2" skipped="0" failures="0" errors="0" timestamp="2020-11-29T20:36:21" hostname="NICK" time="0.293">
  <properties/>
  <testcase name="shouldReturnThreeUsers()" classname="group03.project.jpa.DatabaseTest" time="0.266"/>
  <testcase name="shouldReturnCEODescription()" classname="group03.project.jpa.DatabaseTest" time="0.026"/>
  <system-out><![CDATA[20:36:18.688 [Test worker] DEBUG org.springframework.test.context.BootstrapUtils - Instantiating CacheAwareContextLoaderDelegate from class [org.springframework.test.context.cache.DefaultCacheAwareContextLoaderDelegate]
20:36:18.707 [Test worker] DEBUG org.springframework.test.context.BootstrapUtils - Instantiating BootstrapContext using constructor [public org.springframework.test.context.support.DefaultBootstrapContext(java.lang.Class,org.springframework.test.context.CacheAwareContextLoaderDelegate)]
20:36:18.738 [Test worker] DEBUG org.springframework.test.context.BootstrapUtils - Instantiating TestContextBootstrapper for test class [group03.project.jpa.DatabaseTest] from class [org.springframework.boot.test.autoconfigure.orm.jpa.DataJpaTestContextBootstrapper]
20:36:18.748 [Test worker] INFO org.springframework.boot.test.autoconfigure.orm.jpa.DataJpaTestContextBootstrapper - Neither @ContextConfiguration nor @ContextHierarchy found for test class [group03.project.jpa.DatabaseTest], using SpringBootContextLoader
20:36:18.757 [Test worker] DEBUG org.springframework.test.context.support.AbstractContextLoader - Did not detect default resource location for test class [group03.project.jpa.DatabaseTest]: class path resource [group03/project/jpa/DatabaseTest-context.xml] does not exist
20:36:18.757 [Test worker] DEBUG org.springframework.test.context.support.AbstractContextLoader - Did not detect default resource location for test class [group03.project.jpa.DatabaseTest]: class path resource [group03/project/jpa/DatabaseTestContext.groovy] does not exist
20:36:18.757 [Test worker] INFO org.springframework.test.context.support.AbstractContextLoader - Could not detect default resource locations for test class [group03.project.jpa.DatabaseTest]: no resource found for suffixes {-context.xml, Context.groovy}.
20:36:18.757 [Test worker] INFO org.springframework.test.context.support.AnnotationConfigContextLoaderUtils - Could not detect default configuration classes for test class [group03.project.jpa.DatabaseTest]: DatabaseTest does not declare any static, non-private, non-final, nested classes annotated with @Configuration.
20:36:18.818 [Test worker] DEBUG org.springframework.test.context.support.ActiveProfilesUtils - Could not find an 'annotation declaring class' for annotation type [org.springframework.test.context.ActiveProfiles] and class [group03.project.jpa.DatabaseTest]
20:36:18.878 [Test worker] DEBUG org.springframework.context.annotation.ClassPathScanningCandidateComponentProvider - Identified candidate component class: file [H:\uni 2020-2021\Project\group-03-staff-project\build\classes\java\main\group03\project\Group03StaffProjectApplication.class]
20:36:18.878 [Test worker] INFO org.springframework.boot.test.context.SpringBootTestContextBootstrapper - Found @SpringBootConfiguration group03.project.Group03StaffProjectApplication for test class group03.project.jpa.DatabaseTest
20:36:18.878 [Test worker] DEBUG org.springframework.boot.test.autoconfigure.orm.jpa.DataJpaTestContextBootstrapper - @TestExecutionListeners is not present for class [group03.project.jpa.DatabaseTest]: using defaults.
20:36:18.878 [Test worker] INFO org.springframework.boot.test.autoconfigure.orm.jpa.DataJpaTestContextBootstrapper - Loaded default TestExecutionListener class names from location [META-INF/spring.factories]: [org.springframework.boot.test.autoconfigure.restdocs.RestDocsTestExecutionListener, org.springframework.boot.test.autoconfigure.web.client.MockRestServiceServerResetTestExecutionListener, org.springframework.boot.test.autoconfigure.web.servlet.MockMvcPrintOnlyOnFailureTestExecutionListener, org.springframework.boot.test.autoconfigure.web.servlet.WebDriverTestExecutionListener, org.springframework.boot.test.autoconfigure.webservices.client.MockWebServiceServerTestExecutionListener, org.springframework.boot.test.mock.mockito.MockitoTestExecutionListener, org.springframework.boot.test.mock.mockito.ResetMocksTestExecutionListener, org.springframework.test.context.web.ServletTestExecutionListener, org.springframework.test.context.support.DirtiesContextBeforeModesTestExecutionListener, org.springframework.test.context.support.DependencyInjectionTestExecutionListener, org.springframework.test.context.support.DirtiesContextTestExecutionListener, org.springframework.test.context.transaction.TransactionalTestExecutionListener, org.springframework.test.context.jdbc.SqlScriptsTestExecutionListener, org.springframework.test.context.event.EventPublishingTestExecutionListener]
20:36:18.898 [Test worker] INFO org.springframework.boot.test.autoconfigure.orm.jpa.DataJpaTestContextBootstrapper - Using TestExecutionListeners: [org.springframework.test.context.web.ServletTestExecutionListener@13318df0, org.springframework.test.context.support.DirtiesContextBeforeModesTestExecutionListener@6e1f3b32, org.springframework.boot.test.mock.mockito.MockitoTestExecutionListener@76acbd8c, org.springframework.boot.test.autoconfigure.SpringBootDependencyInjectionTestExecutionListener@510943fa, org.springframework.test.context.support.DirtiesContextTestExecutionListener@4ec80a26, org.springframework.test.context.transaction.TransactionalTestExecutionListener@59996e66, org.springframework.test.context.jdbc.SqlScriptsTestExecutionListener@4acae804, org.springframework.test.context.event.EventPublishingTestExecutionListener@51477434, org.springframework.boot.test.autoconfigure.restdocs.RestDocsTestExecutionListener@5fd0dd00, org.springframework.boot.test.autoconfigure.web.client.MockRestServiceServerResetTestExecutionListener@4d2862c2, org.springframework.boot.test.autoconfigure.web.servlet.MockMvcPrintOnlyOnFailureTestExecutionListener@503f29ab, org.springframework.boot.test.autoconfigure.web.servlet.WebDriverTestExecutionListener@3ab3014c, org.springframework.boot.test.autoconfigure.webservices.client.MockWebServiceServerTestExecutionListener@6352f3c7, org.springframework.boot.test.mock.mockito.ResetMocksTestExecutionListener@6d62b31d]
20:36:18.898 [Test worker] DEBUG org.springframework.test.context.support.AbstractDirtiesContextTestExecutionListener - Before test class: context [DefaultTestContext@5873d4d2 testClass = DatabaseTest, testInstance = [null], testMethod = [null], testException = [null], mergedContextConfiguration = [MergedContextConfiguration@1f77b020 testClass = DatabaseTest, locations = '{}', classes = '{class group03.project.Group03StaffProjectApplication}', contextInitializerClasses = '[]', activeProfiles = '{}', propertySourceLocations = '{}', propertySourceProperties = '{org.springframework.boot.test.autoconfigure.orm.jpa.DataJpaTestContextBootstrapper=true}', contextCustomizers = set[org.springframework.boot.test.autoconfigure.OverrideAutoConfigurationContextCustomizerFactory$DisableAutoConfigurationContextCustomizer@1e66952, org.springframework.boot.test.autoconfigure.actuate.metrics.MetricsExportContextCustomizerFactory$DisableMetricExportContextCustomizer@46e1f52, org.springframework.boot.test.autoconfigure.filter.TypeExcludeFiltersContextCustomizer@351584c0, org.springframework.boot.test.autoconfigure.properties.PropertyMappingContextCustomizer@f43e07b6, org.springframework.boot.test.autoconfigure.web.servlet.WebDriverContextCustomizerFactory$Customizer@29570ea, [ImportsContextCustomizer@4cd98d6f key = [org.springframework.boot.autoconfigure.cache.CacheAutoConfiguration, org.springframework.boot.autoconfigure.data.jpa.JpaRepositoriesAutoConfiguration, org.springframework.boot.autoconfigure.flyway.FlywayAutoConfiguration, org.springframework.boot.autoconfigure.jdbc.DataSourceAutoConfiguration, org.springframework.boot.autoconfigure.jdbc.DataSourceTransactionManagerAutoConfiguration, org.springframework.boot.autoconfigure.jdbc.JdbcTemplateAutoConfiguration, org.springframework.boot.autoconfigure.liquibase.LiquibaseAutoConfiguration, org.springframework.boot.autoconfigure.orm.jpa.HibernateJpaAutoConfiguration, org.springframework.boot.autoconfigure.transaction.TransactionAutoConfiguration, org.springframework.boot.test.autoconfigure.jdbc.TestDatabaseAutoConfiguration, org.springframework.boot.test.autoconfigure.orm.jpa.TestEntityManagerAutoConfiguration]], org.springframework.boot.test.context.filter.ExcludeFilterContextCustomizer@dde72c4, org.springframework.boot.test.json.DuplicateJsonObjectContextCustomizerFactory$DuplicateJsonObjectContextCustomizer@2461fafa, org.springframework.boot.test.mock.mockito.MockitoContextCustomizer@0, org.springframework.boot.test.context.SpringBootTestArgs@1, org.springframework.boot.test.context.SpringBootTestWebEnvironment@0], contextLoader = 'org.springframework.boot.test.context.SpringBootContextLoader', parent = [null]], attributes = map[[empty]]], class annotated with @DirtiesContext [false] with mode [null].
20:36:18.908 [Test worker] DEBUG org.springframework.test.context.support.DependencyInjectionTestExecutionListener - Performing dependency injection for test context [[DefaultTestContext@5873d4d2 testClass = DatabaseTest, testInstance = group03.project.jpa.DatabaseTest@5fddf362, testMethod = [null], testException = [null], mergedContextConfiguration = [MergedContextConfiguration@1f77b020 testClass = DatabaseTest, locations = '{}', classes = '{class group03.project.Group03StaffProjectApplication}', contextInitializerClasses = '[]', activeProfiles = '{}', propertySourceLocations = '{}', propertySourceProperties = '{org.springframework.boot.test.autoconfigure.orm.jpa.DataJpaTestContextBootstrapper=true}', contextCustomizers = set[org.springframework.boot.test.autoconfigure.OverrideAutoConfigurationContextCustomizerFactory$DisableAutoConfigurationContextCustomizer@1e66952, org.springframework.boot.test.autoconfigure.actuate.metrics.MetricsExportContextCustomizerFactory$DisableMetricExportContextCustomizer@46e1f52, org.springframework.boot.test.autoconfigure.filter.TypeExcludeFiltersContextCustomizer@351584c0, org.springframework.boot.test.autoconfigure.properties.PropertyMappingContextCustomizer@f43e07b6, org.springframework.boot.test.autoconfigure.web.servlet.WebDriverContextCustomizerFactory$Customizer@29570ea, [ImportsContextCustomizer@4cd98d6f key = [org.springframework.boot.autoconfigure.cache.CacheAutoConfiguration, org.springframework.boot.autoconfigure.data.jpa.JpaRepositoriesAutoConfiguration, org.springframework.boot.autoconfigure.flyway.FlywayAutoConfiguration, org.springframework.boot.autoconfigure.jdbc.DataSourceAutoConfiguration, org.springframework.boot.autoconfigure.jdbc.DataSourceTransactionManagerAutoConfiguration, org.springframework.boot.autoconfigure.jdbc.JdbcTemplateAutoConfiguration, org.springframework.boot.autoconfigure.liquibase.LiquibaseAutoConfiguration, org.springframework.boot.autoconfigure.orm.jpa.HibernateJpaAutoConfiguration, org.springframework.boot.autoconfigure.transaction.TransactionAutoConfiguration, org.springframework.boot.test.autoconfigure.jdbc.TestDatabaseAutoConfiguration, org.springframework.boot.test.autoconfigure.orm.jpa.TestEntityManagerAutoConfiguration]], org.springframework.boot.test.context.filter.ExcludeFilterContextCustomizer@dde72c4, org.springframework.boot.test.json.DuplicateJsonObjectContextCustomizerFactory$DuplicateJsonObjectContextCustomizer@2461fafa, org.springframework.boot.test.mock.mockito.MockitoContextCustomizer@0, org.springframework.boot.test.context.SpringBootTestArgs@1, org.springframework.boot.test.context.SpringBootTestWebEnvironment@0], contextLoader = 'org.springframework.boot.test.context.SpringBootContextLoader', parent = [null]], attributes = map[[empty]]]].
20:36:18.933 [Test worker] DEBUG org.springframework.test.context.support.TestPropertySourceUtils - Adding inlined properties to environment: {spring.jmx.enabled=false, org.springframework.boot.test.autoconfigure.orm.jpa.DataJpaTestContextBootstrapper=true}

  .   ____          _            __ _ _
 /\\ / ___'_ __ _ _(_)_ __  __ _ \ \ \ \
( ( )\___ | '_ | '_| | '_ \/ _` | \ \ \ \
 \\/  ___)| |_)| | | | | || (_| |  ) ) ) )
  '  |____| .__|_| |_|_| |_\__, | / / / /
 =========|_|==============|___/=/_/_/_/
 :: Spring Boot ::                (v2.4.0)

2020-11-29 20:36:19.238  INFO 16036 --- [    Test worker] group03.project.jpa.DatabaseTest         : Starting DatabaseTest using Java 11.0.8 on Nick with PID 16036 (started by Nick in H:\uni 2020-2021\Project\group-03-staff-project)
2020-11-29 20:36:19.238  INFO 16036 --- [    Test worker] group03.project.jpa.DatabaseTest         : No active profile set, falling back to default profiles: default
2020-11-29 20:36:19.608  INFO 16036 --- [    Test worker] .s.d.r.c.RepositoryConfigurationDelegate : Bootstrapping Spring Data JPA repositories in LAZY mode.
2020-11-29 20:36:19.678  INFO 16036 --- [    Test worker] .s.d.r.c.RepositoryConfigurationDelegate : Finished Spring Data repository scanning in 66 ms. Found 2 JPA repository interfaces.
2020-11-29 20:36:19.749  INFO 16036 --- [    Test worker] beddedDataSourceBeanFactoryPostProcessor : Replacing 'dataSource' DataSource bean with embedded version
2020-11-29 20:36:19.903  INFO 16036 --- [    Test worker] o.s.j.d.e.EmbeddedDatabaseFactory        : Starting embedded database: url='jdbc:h2:mem:1ca59f8b-3b5a-4ad3-89eb-2e38cfcbf873;DB_CLOSE_DELAY=-1;DB_CLOSE_ON_EXIT=false', username='sa'
2020-11-29 20:36:20.137 DEBUG 16036 --- [    Test worker] o.s.jdbc.datasource.init.ScriptUtils     : Executing SQL script from URL [file:/H:/uni%202020-2021/Project/group-03-staff-project/build/resources/main/schema.sql]
2020-11-29 20:36:20.142 DEBUG 16036 --- [    Test worker] o.s.jdbc.datasource.init.ScriptUtils     : 0 returned as update count for SQL: SET MODE MYSQL
2020-11-29 20:36:20.142 DEBUG 16036 --- [    Test worker] o.s.jdbc.datasource.init.ScriptUtils     : 0 returned as update count for SQL: SET IGNORECASE=TRUE
2020-11-29 20:36:20.142 DEBUG 16036 --- [    Test worker] o.s.jdbc.datasource.init.ScriptUtils     : 0 returned as update count for SQL: CREATE SCHEMA IF NOT EXISTS staffdevelopment
2020-11-29 20:36:20.142 DEBUG 16036 --- [    Test worker] o.s.jdbc.datasource.init.ScriptUtils     : 0 returned as update count for SQL: USE `staffdevelopment` 
2020-11-29 20:36:20.157 DEBUG 16036 --- [    Test worker] o.s.jdbc.datasource.init.ScriptUtils     : 0 returned as update count for SQL: CREATE TABLE IF NOT EXISTS `staffdevelopment`.`activity` ( `activityID` INT NOT NULL AUTO_INCREMENT, `file` VARCHAR(45) NULL DEFAULT NULL, `description` VARCHAR(250) NULL DEFAULT NULL, PRIMARY KEY (`activityID`)) ENGINE = InnoDB
2020-11-29 20:36:20.158 DEBUG 16036 --- [    Test worker] o.s.jdbc.datasource.init.ScriptUtils     : 0 returned as update count for SQL: CREATE TABLE IF NOT EXISTS `staffdevelopment`.`tag` ( `tagID` INT(11) NOT NULL, `description` VARCHAR(45) NULL DEFAULT NULL, `isOfficial` TINYINT(4) NULL DEFAULT NULL, PRIMARY KEY (`tagID`)) ENGINE = InnoDB
2020-11-29 20:36:20.173 DEBUG 16036 --- [    Test worker] o.s.jdbc.datasource.init.ScriptUtils     : 0 returned as update count for SQL: CREATE TABLE IF NOT EXISTS `staffdevelopment`.`objective` ( `objectiveID` INT(11) NOT NULL, `Activity_activityID` INT(11) NOT NULL, `Tag_tagID` INT(11) NOT NULL, PRIMARY KEY (`objectiveID`), FOREIGN KEY (`Activity_activityID`) REFERENCES `staffdevelopment`.`activity` (`activityID`) ON DELETE NO ACTION ON UPDATE NO ACTION, FOREIGN KEY (`Tag_tagID`) REFERENCES `staffdevelopment`.`tag` (`tagID`) ON DELETE NO ACTION ON UPDATE NO ACTION) ENGINE = InnoDB
2020-11-29 20:36:20.173 DEBUG 16036 --- [    Test worker] o.s.jdbc.datasource.init.ScriptUtils     : 0 returned as update count for SQL: CREATE TABLE IF NOT EXISTS `staffdevelopment`.`role` ( `role` VARCHAR(45) NOT NULL, `description` VARCHAR(45) NULL DEFAULT NULL, PRIMARY KEY (`role`)) ENGINE = InnoDB
2020-11-29 20:36:20.173 DEBUG 16036 --- [    Test worker] o.s.jdbc.datasource.init.ScriptUtils     : 0 returned as update count for SQL: CREATE TABLE IF NOT EXISTS `staffdevelopment`.`siteUser` ( `userID` INT(11) NOT NULL AUTO_INCREMENT, `emailAddress` VARCHAR(45) NOT NULL, `password` VARCHAR(45)NOT NULL, `name` VARCHAR(45) NULL DEFAULT NULL, PRIMARY KEY (`userID`)) ENGINE = InnoDB
2020-11-29 20:36:20.178 DEBUG 16036 --- [    Test worker] o.s.jdbc.datasource.init.ScriptUtils     : 0 returned as update count for SQL: CREATE TABLE IF NOT EXISTS `staffdevelopment`.`participation` ( `participationID` INT(11) NOT NULL AUTO_INCREMENT, `date` DATETIME NULL DEFAULT NULL, `siteUser_userID` INT(11) NOT NULL, `Activity_activityID` INT(11) NOT NULL, `Role_roleID` INT(11) NOT NULL, PRIMARY KEY (`participationID`), FOREIGN KEY (`Activity_activityID`) REFERENCES `staffdevelopment`.`activity` (`activityID`) ON DELETE NO ACTION ON UPDATE NO ACTION, FOREIGN KEY (`siteUser_userID`) REFERENCES `staffdevelopment`.`siteUser` (`userID`) ON DELETE NO ACTION ON UPDATE NO ACTION, FOREIGN KEY (`Role_roleID`) REFERENCES `staffdevelopment`.`role` (`role`) ON DELETE NO ACTION ON UPDATE NO ACTION) ENGINE = InnoDB
2020-11-29 20:36:20.183 DEBUG 16036 --- [    Test worker] o.s.jdbc.datasource.init.ScriptUtils     : 0 returned as update count for SQL: CREATE TABLE IF NOT EXISTS `staffdevelopment`.`reflection` ( `reflectionID` INT(11) NOT NULL AUTO_INCREMENT, `reflection` VARCHAR(45) NULL DEFAULT NULL, `Participation_participationID` INT(11) NOT NULL, `Tag_tagID` INT(11) NOT NULL, PRIMARY KEY (`reflectionID`), FOREIGN KEY (`Participation_participationID`) REFERENCES `staffdevelopment`.`participation` (`participationID`) ON DELETE NO ACTION ON UPDATE NO ACTION, FOREIGN KEY (`Tag_tagID`) REFERENCES `staffdevelopment`.`tag` (`tagID`) ON DELETE NO ACTION ON UPDATE NO ACTION) ENGINE = InnoDB
2020-11-29 20:36:20.183 DEBUG 16036 --- [    Test worker] o.s.jdbc.datasource.init.ScriptUtils     : Executed SQL script from URL [file:/H:/uni%202020-2021/Project/group-03-staff-project/build/resources/main/schema.sql] in 46 ms.
2020-11-29 20:36:20.188 DEBUG 16036 --- [    Test worker] o.s.jdbc.datasource.init.ScriptUtils     : Executing SQL script from URL [file:/H:/uni%202020-2021/Project/group-03-staff-project/build/resources/main/data.sql]
2020-11-29 20:36:20.188 DEBUG 16036 --- [    Test worker] o.s.jdbc.datasource.init.ScriptUtils     : 1 returned as update count for SQL: INSERT INTO `staffdevelopment`.`role` VALUES ( 'Participant', 'participating in activity')
2020-11-29 20:36:20.188 DEBUG 16036 --- [    Test worker] o.s.jdbc.datasource.init.ScriptUtils     : 1 returned as update count for SQL: INSERT INTO `staffdevelopment`.`role` VALUES ( 'Review', 'Reviewing activity')
2020-11-29 20:36:20.188 DEBUG 16036 --- [    Test worker] o.s.jdbc.datasource.init.ScriptUtils     : 1 returned as update count for SQL: INSERT INTO `staffdevelopment`.`role` VALUES ( 'Lead', 'Leading activity')
2020-11-29 20:36:20.188 DEBUG 16036 --- [    Test worker] o.s.jdbc.datasource.init.ScriptUtils     : 1 returned as update count for SQL: INSERT INTO `staffdevelopment`.`siteUser`( emailAddress, password, name) VALUES('k@aren.com', 'loveMYjob', 'Karen')
2020-11-29 20:36:20.188 DEBUG 16036 --- [    Test worker] o.s.jdbc.datasource.init.ScriptUtils     : 1 returned as update count for SQL: INSERT INTO `staffdevelopment`.`siteUser`( emailAddress, password, name) VALUES('big@ceo.org.uk', 'BIGboss123', 'Dave')
2020-11-29 20:36:20.188 DEBUG 16036 --- [    Test worker] o.s.jdbc.datasource.init.ScriptUtils     : 1 returned as update count for SQL: INSERT INTO `staffdevelopment`.`siteUser`(emailAddress, password, name) VALUES('bigger@ceo.org.uk', 'password1', 'Aaron')
2020-11-29 20:36:20.198 DEBUG 16036 --- [    Test worker] o.s.jdbc.datasource.init.ScriptUtils     : -1 returned as update count for SQL: select * from `staffdevelopment`.`siteUser`
2020-11-29 20:36:20.198 DEBUG 16036 --- [    Test worker] o.s.jdbc.datasource.init.ScriptUtils     : Executed SQL script from URL [file:/H:/uni%202020-2021/Project/group-03-staff-project/build/resources/main/data.sql] in 10 ms.
2020-11-29 20:36:20.288  INFO 16036 --- [    Test worker] o.hibernate.jpa.internal.util.LogHelper  : HHH000204: Processing PersistenceUnitInfo [name: default]
2020-11-29 20:36:20.327  INFO 16036 --- [    Test worker] org.hibernate.Version                    : HHH000412: Hibernate ORM core version 5.4.23.Final
2020-11-29 20:36:20.448  INFO 16036 --- [    Test worker] o.hibernate.annotations.common.Version   : HCANN000001: Hibernate Commons Annotations {5.1.2.Final}
2020-11-29 20:36:20.578  INFO 16036 --- [    Test worker] org.hibernate.dialect.Dialect            : HHH000400: Using dialect: org.hibernate.dialect.H2Dialect
2020-11-29 20:36:21.157  INFO 16036 --- [    Test worker] o.h.e.t.j.p.i.JtaPlatformInitiator       : HHH000490: Using JtaPlatform implementation: [org.hibernate.engine.transaction.jta.platform.internal.NoJtaPlatform]
2020-11-29 20:36:21.167  INFO 16036 --- [    Test worker] j.LocalContainerEntityManagerFactoryBean : Initialized JPA EntityManagerFactory for persistence unit 'default'
2020-11-29 20:36:21.258  INFO 16036 --- [    Test worker] group03.project.jpa.DatabaseTest         : Started DatabaseTest in 2.322 seconds (JVM running for 3.357)
2020-11-29 20:36:21.649  INFO 16036 --- [    Test worker] o.s.t.c.transaction.TransactionContext   : Began transaction (1) for test context [DefaultTestContext@5873d4d2 testClass = DatabaseTest, testInstance = group03.project.jpa.DatabaseTest@5fddf362, testMethod = shouldReturnThreeUsers@DatabaseTest, testException = [null], mergedContextConfiguration = [MergedContextConfiguration@1f77b020 testClass = DatabaseTest, locations = '{}', classes = '{class group03.project.Group03StaffProjectApplication}', contextInitializerClasses = '[]', activeProfiles = '{}', propertySourceLocations = '{}', propertySourceProperties = '{org.springframework.boot.test.autoconfigure.orm.jpa.DataJpaTestContextBootstrapper=true}', contextCustomizers = set[org.springframework.boot.test.autoconfigure.OverrideAutoConfigurationContextCustomizerFactory$DisableAutoConfigurationContextCustomizer@1e66952, org.springframework.boot.test.autoconfigure.actuate.metrics.MetricsExportContextCustomizerFactory$DisableMetricExportContextCustomizer@46e1f52, org.springframework.boot.test.autoconfigure.filter.TypeExcludeFiltersContextCustomizer@351584c0, org.springframework.boot.test.autoconfigure.properties.PropertyMappingContextCustomizer@f43e07b6, org.springframework.boot.test.autoconfigure.web.servlet.WebDriverContextCustomizerFactory$Customizer@29570ea, [ImportsContextCustomizer@4cd98d6f key = [org.springframework.boot.autoconfigure.cache.CacheAutoConfiguration, org.springframework.boot.autoconfigure.data.jpa.JpaRepositoriesAutoConfiguration, org.springframework.boot.autoconfigure.flyway.FlywayAutoConfiguration, org.springframework.boot.autoconfigure.jdbc.DataSourceAutoConfiguration, org.springframework.boot.autoconfigure.jdbc.DataSourceTransactionManagerAutoConfiguration, org.springframework.boot.autoconfigure.jdbc.JdbcTemplateAutoConfiguration, org.springframework.boot.autoconfigure.liquibase.LiquibaseAutoConfiguration, org.springframework.boot.autoconfigure.orm.jpa.HibernateJpaAutoConfiguration, org.springframework.boot.autoconfigure.transaction.TransactionAutoConfiguration, org.springframework.boot.test.autoconfigure.jdbc.TestDatabaseAutoConfiguration, org.springframework.boot.test.autoconfigure.orm.jpa.TestEntityManagerAutoConfiguration]], org.springframework.boot.test.context.filter.ExcludeFilterContextCustomizer@dde72c4, org.springframework.boot.test.json.DuplicateJsonObjectContextCustomizerFactory$DuplicateJsonObjectContextCustomizer@2461fafa, org.springframework.boot.test.mock.mockito.MockitoContextCustomizer@0, org.springframework.boot.test.context.SpringBootTestArgs@1, org.springframework.boot.test.context.SpringBootTestWebEnvironment@0], contextLoader = 'org.springframework.boot.test.context.SpringBootContextLoader', parent = [null]], attributes = map[[empty]]]; transaction manager [org.springframework.orm.jpa.JpaTransactionManager@cc64c69]; rollback [true]
Hibernate: select siteuser0_.userID as userid1_1_, siteuser0_.emailAddress as emailadd2_1_, siteuser0_.name as name3_1_, siteuser0_.password as password4_1_ from staffdevelopment.siteUser siteuser0_
2020-11-29 20:36:21.897  INFO 16036 --- [    Test worker] o.s.t.c.transaction.TransactionContext   : Rolled back transaction for test: [DefaultTestContext@5873d4d2 testClass = DatabaseTest, testInstance = group03.project.jpa.DatabaseTest@5fddf362, testMethod = shouldReturnThreeUsers@DatabaseTest, testException = [null], mergedContextConfiguration = [MergedContextConfiguration@1f77b020 testClass = DatabaseTest, locations = '{}', classes = '{class group03.project.Group03StaffProjectApplication}', contextInitializerClasses = '[]', activeProfiles = '{}', propertySourceLocations = '{}', propertySourceProperties = '{org.springframework.boot.test.autoconfigure.orm.jpa.DataJpaTestContextBootstrapper=true}', contextCustomizers = set[org.springframework.boot.test.autoconfigure.OverrideAutoConfigurationContextCustomizerFactory$DisableAutoConfigurationContextCustomizer@1e66952, org.springframework.boot.test.autoconfigure.actuate.metrics.MetricsExportContextCustomizerFactory$DisableMetricExportContextCustomizer@46e1f52, org.springframework.boot.test.autoconfigure.filter.TypeExcludeFiltersContextCustomizer@351584c0, org.springframework.boot.test.autoconfigure.properties.PropertyMappingContextCustomizer@f43e07b6, org.springframework.boot.test.autoconfigure.web.servlet.WebDriverContextCustomizerFactory$Customizer@29570ea, [ImportsContextCustomizer@4cd98d6f key = [org.springframework.boot.autoconfigure.cache.CacheAutoConfiguration, org.springframework.boot.autoconfigure.data.jpa.JpaRepositoriesAutoConfiguration, org.springframework.boot.autoconfigure.flyway.FlywayAutoConfiguration, org.springframework.boot.autoconfigure.jdbc.DataSourceAutoConfiguration, org.springframework.boot.autoconfigure.jdbc.DataSourceTransactionManagerAutoConfiguration, org.springframework.boot.autoconfigure.jdbc.JdbcTemplateAutoConfiguration, org.springframework.boot.autoconfigure.liquibase.LiquibaseAutoConfiguration, org.springframework.boot.autoconfigure.orm.jpa.HibernateJpaAutoConfiguration, org.springframework.boot.autoconfigure.transaction.TransactionAutoConfiguration, org.springframework.boot.test.autoconfigure.jdbc.TestDatabaseAutoConfiguration, org.springframework.boot.test.autoconfigure.orm.jpa.TestEntityManagerAutoConfiguration]], org.springframework.boot.test.context.filter.ExcludeFilterContextCustomizer@dde72c4, org.springframework.boot.test.json.DuplicateJsonObjectContextCustomizerFactory$DuplicateJsonObjectContextCustomizer@2461fafa, org.springframework.boot.test.mock.mockito.MockitoContextCustomizer@0, org.springframework.boot.test.context.SpringBootTestArgs@1, org.springframework.boot.test.context.SpringBootTestWebEnvironment@0], contextLoader = 'org.springframework.boot.test.context.SpringBootContextLoader', parent = [null]], attributes = map[[empty]]]
2020-11-29 20:36:21.902  INFO 16036 --- [    Test worker] o.s.t.c.transaction.TransactionContext   : Began transaction (1) for test context [DefaultTestContext@5873d4d2 testClass = DatabaseTest, testInstance = group03.project.jpa.DatabaseTest@2aa1b668, testMethod = shouldReturnCEODescription@DatabaseTest, testException = [null], mergedContextConfiguration = [MergedContextConfiguration@1f77b020 testClass = DatabaseTest, locations = '{}', classes = '{class group03.project.Group03StaffProjectApplication}', contextInitializerClasses = '[]', activeProfiles = '{}', propertySourceLocations = '{}', propertySourceProperties = '{org.springframework.boot.test.autoconfigure.orm.jpa.DataJpaTestContextBootstrapper=true}', contextCustomizers = set[org.springframework.boot.test.autoconfigure.OverrideAutoConfigurationContextCustomizerFactory$DisableAutoConfigurationContextCustomizer@1e66952, org.springframework.boot.test.autoconfigure.actuate.metrics.MetricsExportContextCustomizerFactory$DisableMetricExportContextCustomizer@46e1f52, org.springframework.boot.test.autoconfigure.filter.TypeExcludeFiltersContextCustomizer@351584c0, org.springframework.boot.test.autoconfigure.properties.PropertyMappingContextCustomizer@f43e07b6, org.springframework.boot.test.autoconfigure.web.servlet.WebDriverContextCustomizerFactory$Customizer@29570ea, [ImportsContextCustomizer@4cd98d6f key = [org.springframework.boot.autoconfigure.cache.CacheAutoConfiguration, org.springframework.boot.autoconfigure.data.jpa.JpaRepositoriesAutoConfiguration, org.springframework.boot.autoconfigure.flyway.FlywayAutoConfiguration, org.springframework.boot.autoconfigure.jdbc.DataSourceAutoConfiguration, org.springframework.boot.autoconfigure.jdbc.DataSourceTransactionManagerAutoConfiguration, org.springframework.boot.autoconfigure.jdbc.JdbcTemplateAutoConfiguration, org.springframework.boot.autoconfigure.liquibase.LiquibaseAutoConfiguration, org.springframework.boot.autoconfigure.orm.jpa.HibernateJpaAutoConfiguration, org.springframework.boot.autoconfigure.transaction.TransactionAutoConfiguration, org.springframework.boot.test.autoconfigure.jdbc.TestDatabaseAutoConfiguration, org.springframework.boot.test.autoconfigure.orm.jpa.TestEntityManagerAutoConfiguration]], org.springframework.boot.test.context.filter.ExcludeFilterContextCustomizer@dde72c4, org.springframework.boot.test.json.DuplicateJsonObjectContextCustomizerFactory$DuplicateJsonObjectContextCustomizer@2461fafa, org.springframework.boot.test.mock.mockito.MockitoContextCustomizer@0, org.springframework.boot.test.context.SpringBootTestArgs@1, org.springframework.boot.test.context.SpringBootTestWebEnvironment@0], contextLoader = 'org.springframework.boot.test.context.SpringBootContextLoader', parent = [null]], attributes = map[[empty]]]; transaction manager [org.springframework.orm.jpa.JpaTransactionManager@cc64c69]; rollback [true]
Hibernate: select role0_.role as role1_0_, role0_.description as descript2_0_ from staffdevelopment.role role0_ where role0_.role=?
2020-11-29 20:36:21.928  INFO 16036 --- [    Test worker] o.s.t.c.transaction.TransactionContext   : Rolled back transaction for test: [DefaultTestContext@5873d4d2 testClass = DatabaseTest, testInstance = group03.project.jpa.DatabaseTest@2aa1b668, testMethod = shouldReturnCEODescription@DatabaseTest, testException = [null], mergedContextConfiguration = [MergedContextConfiguration@1f77b020 testClass = DatabaseTest, locations = '{}', classes = '{class group03.project.Group03StaffProjectApplication}', contextInitializerClasses = '[]', activeProfiles = '{}', propertySourceLocations = '{}', propertySourceProperties = '{org.springframework.boot.test.autoconfigure.orm.jpa.DataJpaTestContextBootstrapper=true}', contextCustomizers = set[org.springframework.boot.test.autoconfigure.OverrideAutoConfigurationContextCustomizerFactory$DisableAutoConfigurationContextCustomizer@1e66952, org.springframework.boot.test.autoconfigure.actuate.metrics.MetricsExportContextCustomizerFactory$DisableMetricExportContextCustomizer@46e1f52, org.springframework.boot.test.autoconfigure.filter.TypeExcludeFiltersContextCustomizer@351584c0, org.springframework.boot.test.autoconfigure.properties.PropertyMappingContextCustomizer@f43e07b6, org.springframework.boot.test.autoconfigure.web.servlet.WebDriverContextCustomizerFactory$Customizer@29570ea, [ImportsContextCustomizer@4cd98d6f key = [org.springframework.boot.autoconfigure.cache.CacheAutoConfiguration, org.springframework.boot.autoconfigure.data.jpa.JpaRepositoriesAutoConfiguration, org.springframework.boot.autoconfigure.flyway.FlywayAutoConfiguration, org.springframework.boot.autoconfigure.jdbc.DataSourceAutoConfiguration, org.springframework.boot.autoconfigure.jdbc.DataSourceTransactionManagerAutoConfiguration, org.springframework.boot.autoconfigure.jdbc.JdbcTemplateAutoConfiguration, org.springframework.boot.autoconfigure.liquibase.LiquibaseAutoConfiguration, org.springframework.boot.autoconfigure.orm.jpa.HibernateJpaAutoConfiguration, org.springframework.boot.autoconfigure.transaction.TransactionAutoConfiguration, org.springframework.boot.test.autoconfigure.jdbc.TestDatabaseAutoConfiguration, org.springframework.boot.test.autoconfigure.orm.jpa.TestEntityManagerAutoConfiguration]], org.springframework.boot.test.context.filter.ExcludeFilterContextCustomizer@dde72c4, org.springframework.boot.test.json.DuplicateJsonObjectContextCustomizerFactory$DuplicateJsonObjectContextCustomizer@2461fafa, org.springframework.boot.test.mock.mockito.MockitoContextCustomizer@0, org.springframework.boot.test.context.SpringBootTestArgs@1, org.springframework.boot.test.context.SpringBootTestWebEnvironment@0], contextLoader = 'org.springframework.boot.test.context.SpringBootContextLoader', parent = [null]], attributes = map[[empty]]]
]]></system-out>
  <system-err><![CDATA[]]></system-err>
</testsuite>
